-------------------------------------------------------------------------------------------------------
##ID_18## tempo: 1 (ms)
{call Stp_Set_Session2(?, ?, ?, ?, ?)}
Params:
  1 = 0
  2 = -1
  3 = -1
  4 = u= 0, t_name= default task-4994
  5 = dc777cbc4a928b7595492740a974e3257f43c597
-------------------------------------------------------------------------------------------------------
##ID_19## tempo: 1 (ms)
{call Stp_Set_Session2(?, ?, ?, ?, ?)}
Params:
  1 = 0
  2 = -1
  3 = -1
  4 = u= 0, t_name= default task-4993
  5 = dc777cbc4a928b7595492740a974e3257f43c597
-------------------------------------------------------------------------------------------------------
##ID_20## tempo: 1 (ms)
/* Runtime-info
Application: MovimentacaoFinanceira
Referer: https://topnutri.sankhyacloud.com.br/mgefin/MovimentacaoFinanceira.xhtml5
ResourceID: br.com.sankhya.fin.cad.movimentacaoFinanceira
uri: /mge/service.sbr
*/
SELECT TEXTO FROM TSIPAR WHERE CHAVE = ? 
Params:
  1 = VERSAOSKWBIN
-------------------------------------------------------------------------------------------------------
##ID_21## tempo: 0 (ms)
/* Runtime-info
Application: MovimentacaoFinanceira
Referer: https://topnutri.sankhyacloud.com.br/mgefin/MovimentacaoFinanceira.xhtml5
ResourceID: br.com.sankhya.fin.cad.movimentacaoFinanceira
uri: /mge/service.sbr
*/
SELECT TEXTO FROM TSIPAR WHERE CHAVE = ? 
Params:
  1 = VERSAOSKWBIN
-------------------------------------------------------------------------------------------------------
##ID_22## tempo: 0 (ms)
{call Stp_Set_Session2(?, ?, ?, ?, ?)}
Params:
  1 = 0
  2 = -1
  3 = -1
  4 = u= 0, t_name= default task-4993
  5 = dc777cbc4a928b7595492740a974e3257f43c597
-------------------------------------------------------------------------------------------------------
##ID_23## tempo: 1 (ms)
/* Runtime-info
Application: MovimentacaoFinanceira
Referer: https://topnutri.sankhyacloud.com.br/mgefin/MovimentacaoFinanceira.xhtml5
ResourceID: br.com.sankhya.fin.cad.movimentacaoFinanceira
entity: Financeiro
service-name: DatasetSP.loadRecords
uri: /mge/service.sbr
*/
SELECT TSIUSU.ABREGAVETA AS ABREGAVETA,TSIUSU.ACCOUNTDHEXPIRA AS ACCOUNTDHEXPIRA,TSIUSU.ACCOUNTEMAIL AS ACCOUNTEMAIL,TSIUSU.ACCOUNTID AS ACCOUNTID,TSIUSU.ACCOUNTNOMEFOTO AS ACCOUNTNOMEFOTO,TSIUSU.ACCOUNTPARTNER AS ACCOUNTPARTNER,'$$CLOBFIELD(TSIUSU.ACCOUNTTOKEN)$$' AS ACCOUNTTOKEN,TSIUSU.ACESSAFORMULAREL AS ACESSAFORMULAREL,TSIUSU.ACESSOPDVCANCITENS AS ACESSOPDVCANCITENS,TSIUSU.ACESSOPDVSANG AS ACESSOPDVSANG,TSIUSU.ACESSOPDVSANGPDESP AS ACESSOPDVSANGPDESP,TSIUSU.ACESSOPDVSUPR AS ACESSOPDVSUPR,TSIUSU.ACESSOVISUALCAB AS ACESSOVISUALCAB,TSIUSU.AD_VISUALINDICADORES AS AD_VISUALINDICADORES,TSIUSU.ALTCTAFAT AS ALTCTAFAT,TSIUSU.ALTCTAIMPBOL AS ALTCTAIMPBOL,TSIUSU.ALTORDCFECH AS ALTORDCFECH,'$$CLOBFIELD(TSIUSU.ANALYTICS2_TOKEN)$$' AS ANALYTICS2_TOKEN,TSIUSU.APENASCOMPLIB AS APENASCOMPLIB,TSIUSU.APROVCOT AS APROVCOT,TSIUSU.ATUNUVERSAO AS ATUNUVERSAO,TSIUSU.AVISAVARPRECO AS AVISAVARPRECO,TSIUSU.BAIXADESP AS BAIXADESP,TSIUSU.BAIXAREC AS BAIXAREC,TSIUSU.CAIXA AS CAIXA,TSIUSU.CODCARGAACESSO AS CODCARGAACESSO,TSIUSU.CODCENCUSPAD AS CODCENCUSPAD,TSIUSU.CODCONTATOPERFIL AS CODCONTATOPERFIL,TSIUSU.CODCTABCOINT AS CODCTABCOINT,TSIUSU.CODCTABCOINT2 AS CODCTABCOINT2,TSIUSU.CODEMP AS CODEMP,TSIUSU.CODEQUIP AS CODEQUIP,TSIUSU.CODETAPA AS CODETAPA,TSIUSU.CODFUNC AS CODFUNC,TSIUSU.CODGRUPO AS CODGRUPO,TSIUSU.CODIDECONECT AS CODIDECONECT,TSIUSU.CODPARC AS CODPARC,TSIUSU.CODPARCPERFIL AS CODPARCPERFIL,TSIUSU.CODPERFIL AS CODPERFIL,TSIUSU.CODUSU AS CODUSU,TSIUSU.CODVEND AS CODVEND,TSIUSU.CONTACESSO AS CONTACESSO,TSIUSU.CONTAGOL AS CONTAGOL,TSIUSU.CORCODIGO AS CORCODIGO,TSIUSU.CPF AS CPF,TSIUSU.DESCTOTALNOTAPDV AS DESCTOTALNOTAPDV,TSIUSU.DTALTER AS DTALTER,TSIUSU.DTLIMACESSO AS DTLIMACESSO,TSIUSU.DTNASC AS DTNASC,TSIUSU.DTULTACESSO AS DTULTACESSO,TSIUSU.DTULTIMASENHA AS DTULTIMASENHA,TSIUSU.EMAIL AS EMAIL,TSIUSU.EMAILSOLLIB AS EMAILSOLLIB,TSIUSU.EXCLIBORC AS EXCLIBORC,TSIUSU.EXIBIRVALANALRENT AS EXIBIRVALANALRENT,1 AS FOTO,TSIUSU.GESTOR AS GESTOR,TSIUSU.GRUPOREDE AS GRUPOREDE,TSIUSU.IDPERFILECONECT AS IDPERFILECONECT,TSIUSU.IGNORAHORASCRUZ AS IGNORAHORASCRUZ,TSIUSU.IGNORALDAP AS IGNORALDAP,TSIUSU.IMP2SANSUPCAI AS IMP2SANSUPCAI,TSIUSU.IMPLANTADOR AS IMPLANTADOR,TSIUSU.IMPNFCENTRAL AS IMPNFCENTRAL,TSIUSU.INFRECSEN AS INFRECSEN,TSIUSU.INSTALAPACOTESS AS INSTALAPACOTESS,TSIUSU.INTEGRAECONECT AS INTEGRAECONECT,TSIUSU.INTERNO AS INTERNO,TSIUSU.LOCALE AS LOCALE,TSIUSU.MINUTOSFIN AS MINUTOSFIN,TSIUSU.NIVEL AS NIVEL,TSIUSU.NIVELACESSO AS NIVELACESSO,TSIUSU.NOMEFILA AS NOMEFILA,TSIUSU.NOMEUSU AS NOMEUSU,TSIUSU.NOMEUSUCPLT AS NOMEUSUCPLT,TSIUSU.NOTSLAFILA AS NOTSLAFILA,TSIUSU.NUVERSAO AS NUVERSAO,TSIUSU.OPERACIONAL AS OPERACIONAL,TSIUSU.PERMALTMOEDA AS PERMALTMOEDA,TSIUSU.PERMEXPREL AS PERMEXPREL,TSIUSU.PERMIMPRIMEREL AS PERMIMPRIMEREL,TSIUSU.PERMREPERRO AS PERMREPERRO,TSIUSU.PORTASMTP AS PORTASMTP,TSIUSU.PROPRIETARIO AS PROPRIETARIO,TSIUSU.RENDIASVALJUR AS RENDIASVALJUR,TSIUSU.RESTRINGECART AS RESTRINGECART,TSIUSU.RG AS RG,TSIUSU.SEGURANCASMTP AS SEGURANCASMTP,TSIUSU.SELECTWCAPO AS SELECTWCAPO,TSIUSU.SENHAECONECT AS SENHAECONECT,TSIUSU.SENHANUNCAEXPIRA AS SENHANUNCAEXPIRA,TSIUSU.SENHASMTP AS SENHASMTP,TSIUSU.SERVIDORSMTP AS SERVIDORSMTP,TSIUSU.TEMECF AS TEMECF,TSIUSU.TIMBAIXAWORD AS TIMBAIXAWORD,TSIUSU.TIMBAIXTITRECABE AS TIMBAIXTITRECABE,TSIUSU.TIMPATHSCANNER AS TIMPATHSCANNER,TSIUSU.TIMVERTODASFACS AS TIMVERTODASFACS,TSIUSU.TIPENVNOTSOL AS TIPENVNOTSOL,TSIUSU.TIPOSMTP AS TIPOSMTP,TSIUSU.TIPOUSU AS TIPOUSU,TSIUSU.TOKENCHECKOUT AS TOKENCHECKOUT,TSIUSU.TOLERANCIAACESSO AS TOLERANCIAACESSO,TSIUSU.TOPBAIXADESPESA AS TOPBAIXADESPESA,TSIUSU.TOPBAIXARECEITA AS TOPBAIXARECEITA,TSIUSU.USUARIOSMTP AS USUARIOSMTP,TSIUSU.USUREDE AS USUREDE,TSIUSU.VERCABPROPRIA AS VERCABPROPRIA,TSIUSU.VISACESOUTUSU AS VISACESOUTUSU,TSIUSU.VLRMAXAUT AS VLRMAXAUT FROM TSIUSU /*SQL_92_JOINED_TABLES*/  WHERE (TSIUSU.CODUSU = ?)
Params:
  1 = 0
-------------------------------------------------------------------------------------------------------
##ID_24## tempo: 0 (ms)
/* Runtime-info
Application: MovimentacaoFinanceira
Referer: https://topnutri.sankhyacloud.com.br/mgefin/MovimentacaoFinanceira.xhtml5
ResourceID: br.com.sankhya.fin.cad.movimentacaoFinanceira
entity: Financeiro
service-name: DatasetSP.loadRecords
uri: /mge/service.sbr
*/
 SELECT ITR.CODREGRA,ITR.CODINSTPRINC, REG.TIPO FROM TGFITR ITR   INNER JOIN TGFREG REG ON (REG.CODREGRA = ITR.CODREGRA)   INNER JOIN TGFCER CER ON (CER.CODREGRA = REG.CODREGRA) WHERE   CER.TIPO = 'U'    AND CER.ATIVO = 'S'    AND ITR.ATIVO = 'S'    AND CER.CHAVE = ?    AND TRANSLATE(UPPER(REG.INSTPRINC),'ÁÉÍÓÚĂŐÂĘÎÔŰŔČĚŇŮÇ','AEIOUAOAEIOUAEIOUC') = ?   AND CER.FILTRAR = 'S'    AND (REG.INSTSEC IS NULL OR REG.INSTSEC = '')  ORDER BY ITR.CODREGRA,ITR.SEQUENCIA
Params:
  1 = 0
  2 = EMPRESA
-------------------------------------------------------------------------------------------------------
##ID_25## tempo: 1 (ms)
/* Runtime-info
Application: MovimentacaoFinanceira
Referer: https://topnutri.sankhyacloud.com.br/mgefin/MovimentacaoFinanceira.xhtml5
ResourceID: br.com.sankhya.fin.cad.movimentacaoFinanceira
entity: Financeiro
service-name: DatasetSP.loadRecords
uri: /mge/service.sbr
*/
 SELECT ITR.CODREGRA,ITR.CODINSTPRINC, REG.TIPO FROM TGFITR ITR   INNER JOIN TGFREG REG ON (REG.CODREGRA = ITR.CODREGRA)   INNER JOIN TGFCER CER ON (CER.CODREGRA = REG.CODREGRA) WHERE   CER.TIPO = 'U'    AND CER.ATIVO = 'S'    AND ITR.ATIVO = 'S'    AND CER.CHAVE = ?    AND TRANSLATE(UPPER(REG.INSTPRINC),'ÁÉÍÓÚĂŐÂĘÎÔŰŔČĚŇŮÇ','AEIOUAOAEIOUAEIOUC') = ?   AND CER.FILTRAR = 'S'    AND (REG.INSTSEC IS NULL OR REG.INSTSEC = '')  ORDER BY ITR.CODREGRA,ITR.SEQUENCIA
Params:
  1 = 0
  2 = CENTRO DE RESULTADO
-------------------------------------------------------------------------------------------------------
##ID_26## tempo: 1 (ms)
/* Runtime-info
Application: MovimentacaoFinanceira
Referer: https://topnutri.sankhyacloud.com.br/mgefin/MovimentacaoFinanceira.xhtml5
ResourceID: br.com.sankhya.fin.cad.movimentacaoFinanceira
entity: Financeiro
service-name: DatasetSP.loadRecords
uri: /mge/service.sbr
*/
 SELECT ITR.CODREGRA,ITR.CODINSTPRINC, REG.TIPO FROM TGFITR ITR   INNER JOIN TGFREG REG ON (REG.CODREGRA = ITR.CODREGRA)   INNER JOIN TGFCER CER ON (CER.CODREGRA = REG.CODREGRA) WHERE   CER.TIPO = 'U'    AND CER.ATIVO = 'S'    AND ITR.ATIVO = 'S'    AND CER.CHAVE = ?    AND TRANSLATE(UPPER(REG.INSTPRINC),'ÁÉÍÓÚĂŐÂĘÎÔŰŔČĚŇŮÇ','AEIOUAOAEIOUAEIOUC') = ?   AND CER.FILTRAR = 'S'    AND (REG.INSTSEC IS NULL OR REG.INSTSEC = '')  ORDER BY ITR.CODREGRA,ITR.SEQUENCIA
Params:
  1 = 0
  2 = NATUREZA
-------------------------------------------------------------------------------------------------------
##ID_27## tempo: 0 (ms)
/* Runtime-info
Application: MovimentacaoFinanceira
Referer: https://topnutri.sankhyacloud.com.br/mgefin/MovimentacaoFinanceira.xhtml5
ResourceID: br.com.sankhya.fin.cad.movimentacaoFinanceira
entity: Financeiro
service-name: DatasetSP.loadRecords
uri: /mge/service.sbr
*/
 SELECT ITR.CODREGRA,ITR.CODINSTPRINC, REG.TIPO FROM TGFITR ITR   INNER JOIN TGFREG REG ON (REG.CODREGRA = ITR.CODREGRA)   INNER JOIN TGFCER CER ON (CER.CODREGRA = REG.CODREGRA) WHERE   CER.TIPO = 'U'    AND CER.ATIVO = 'S'    AND ITR.ATIVO = 'S'    AND CER.CHAVE = ?    AND TRANSLATE(UPPER(REG.INSTPRINC),'ÁÉÍÓÚĂŐÂĘÎÔŰŔČĚŇŮÇ','AEIOUAOAEIOUAEIOUC') = ?   AND CER.FILTRAR = 'S'    AND (REG.INSTSEC IS NULL OR REG.INSTSEC = '')  ORDER BY ITR.CODREGRA,ITR.SEQUENCIA
Params:
  1 = 0
  2 = PROJETO
-------------------------------------------------------------------------------------------------------
##ID_28## tempo: 0 (ms)
/* Runtime-info
Application: MovimentacaoFinanceira
Referer: https://topnutri.sankhyacloud.com.br/mgefin/MovimentacaoFinanceira.xhtml5
ResourceID: br.com.sankhya.fin.cad.movimentacaoFinanceira
entity: Financeiro
service-name: DatasetSP.loadRecords
uri: /mge/service.sbr
*/
 SELECT ITR.CODREGRA,ITR.CODINSTPRINC, REG.TIPO FROM TGFITR ITR   INNER JOIN TGFREG REG ON (REG.CODREGRA = ITR.CODREGRA)   INNER JOIN TGFCER CER ON (CER.CODREGRA = REG.CODREGRA) WHERE   CER.TIPO = 'U'    AND CER.ATIVO = 'S'    AND ITR.ATIVO = 'S'    AND CER.CHAVE = ?    AND TRANSLATE(UPPER(REG.INSTPRINC),'ÁÉÍÓÚĂŐÂĘÎÔŰŔČĚŇŮÇ','AEIOUAOAEIOUAEIOUC') = ?   AND CER.FILTRAR = 'S'    AND (REG.INSTSEC IS NULL OR REG.INSTSEC = '')  ORDER BY ITR.CODREGRA,ITR.SEQUENCIA
Params:
  1 = 0
  2 = CONTA BANCARIA
-------------------------------------------------------------------------------------------------------
##ID_29## tempo: 0 (ms)
/* Runtime-info
Application: MovimentacaoFinanceira
Referer: https://topnutri.sankhyacloud.com.br/mgefin/MovimentacaoFinanceira.xhtml5
ResourceID: br.com.sankhya.fin.cad.movimentacaoFinanceira
entity: Financeiro
service-name: DatasetSP.loadRecords
uri: /mge/service.sbr
*/
 SELECT ITR.CODREGRA,ITR.CODINSTPRINC, REG.TIPO FROM TGFITR ITR   INNER JOIN TGFREG REG ON (REG.CODREGRA = ITR.CODREGRA)   INNER JOIN TGFCER CER ON (CER.CODREGRA = REG.CODREGRA) WHERE   CER.TIPO = 'U'    AND CER.ATIVO = 'S'    AND ITR.ATIVO = 'S'    AND CER.CHAVE = ?    AND TRANSLATE(UPPER(REG.INSTPRINC),'ÁÉÍÓÚĂŐÂĘÎÔŰŔČĚŇŮÇ','AEIOUAOAEIOUAEIOUC') = ?   AND CER.FILTRAR = 'S'    AND (REG.INSTSEC IS NULL OR REG.INSTSEC = '')  ORDER BY ITR.CODREGRA,ITR.SEQUENCIA
Params:
  1 = 0
  2 = PARCEIRO
-------------------------------------------------------------------------------------------------------
##ID_30## tempo: 1 (ms)
/* Runtime-info
Application: MovimentacaoFinanceira
Referer: https://topnutri.sankhyacloud.com.br/mgefin/MovimentacaoFinanceira.xhtml5
ResourceID: br.com.sankhya.fin.cad.movimentacaoFinanceira
entity: Financeiro
service-name: DatasetSP.loadRecords
uri: /mge/service.sbr
*/
 SELECT ITR.CODREGRA,ITR.CODINSTPRINC, REG.TIPO FROM TGFITR ITR   INNER JOIN TGFREG REG ON (REG.CODREGRA = ITR.CODREGRA)   INNER JOIN TGFCER CER ON (CER.CODREGRA = REG.CODREGRA) WHERE   CER.TIPO = 'U'    AND CER.ATIVO = 'S'    AND ITR.ATIVO = 'S'    AND CER.CHAVE = ?    AND TRANSLATE(UPPER(REG.INSTPRINC),'ÁÉÍÓÚĂŐÂĘÎÔŰŔČĚŇŮÇ','AEIOUAOAEIOUAEIOUC') = ?   AND CER.FILTRAR = 'S'    AND (REG.INSTSEC IS NULL OR REG.INSTSEC = '')  ORDER BY ITR.CODREGRA,ITR.SEQUENCIA
Params:
  1 = 0
  2 = TOP
-------------------------------------------------------------------------------------------------------
##ID_31## tempo: 0 (ms)
{call Stp_Set_Session2(?, ?, ?, ?, ?)}
Params:
  1 = 0
  2 = -1
  3 = -1
  4 = u= 0, t_name= Financeiro:DataPager_DF53A1C5AA409EFF8857A8ABBE2DB3C2
  5 = dc777cbc4a928b7595492740a974e3257f43c597
-------------------------------------------------------------------------------------------------------
##ID_32## tempo: 617 (ms)
SELECT TGFFIN.ABATIMENTO AS ABATIMENTO,TGFFIN.ABATIMENTOCAN AS ABATIMENTOCAN,TGFFIN.AGENCIA_CMC7 AS AGENCIA_CMC7,TGFFIN.ALIQICMS AS ALIQICMS,TGFFIN.AUTORIZADO AS AUTORIZADO,TGFFIN.BAIXAAPI AS BAIXAAPI,TGFFIN.BASEICMS AS BASEICMS,TGFFIN.BASEINSS AS BASEINSS,TGFFIN.BASEIRF AS BASEIRF,TGFFIN.BLOQVAR AS BLOQVAR,TGFFIN.CARTA AS CARTA,TGFFIN.CARTAODESC AS CARTAODESC,TGFFIN.CGC_CPF_CMC7 AS CGC_CPF_CMC7,TGFFIN.CHAVECTE AS CHAVECTE,TGFFIN.CHAVECTEREF AS CHAVECTEREF,TGFFIN.CHAVENFEGNRE AS CHAVENFEGNRE,TGFFIN.CHEQUERASTREADO_CMC7 AS CHEQUERASTREADO_CMC7,TGFFIN.CLASSIFCESSAOOBRA AS CLASSIFCESSAOOBRA,TGFFIN.CODBARRA AS CODBARRA,TGFFIN.CODBCO AS CODBCO,TGFFIN.CODBCO_CMC7 AS CODBCO_CMC7,TGFFIN.CODCBE AS CODCBE,TGFFIN.CODCC AS CODCC,TGFFIN.CODCENCUS AS CODCENCUS,TGFFIN.CODCFO AS CODCFO,TGFFIN.CODCIDFIMCTE AS CODCIDFIMCTE,TGFFIN.CODCIDINICTE AS CODCIDINICTE,TGFFIN.CODCONTATO AS CODCONTATO,TGFFIN.CODCTABCOINT AS CODCTABCOINT,TGFFIN.CODEMP AS CODEMP,TGFFIN.CODEMPBAIXA AS CODEMPBAIXA,TGFFIN.CODFUNC AS CODFUNC,TGFFIN.CODIGOBARRA AS CODIGOBARRA,TGFFIN.CODIMOVELRURAL AS CODIMOVELRURAL,TGFFIN.CODIPTU AS CODIPTU,TGFFIN.CODLST AS CODLST,TGFFIN.CODMOEDA AS CODMOEDA,TGFFIN.CODNAT AS CODNAT,TGFFIN.CODOBRA AS CODOBRA,TGFFIN.CODOBSPADRAO AS CODOBSPADRAO,TGFFIN.CODPARC AS CODPARC,TGFFIN.CODPROJ AS CODPROJ,TGFFIN.CODRECEITA AS CODRECEITA,TGFFIN.CODREGUA AS CODREGUA,TGFFIN.CODTIPOPER AS CODTIPOPER,TGFFIN.CODTIPOPERBAIXA AS CODTIPOPERBAIXA,TGFFIN.CODTIPTIT AS CODTIPTIT,TGFFIN.CODTRIB AS CODTRIB,TGFFIN.CODUSU AS CODUSU,TGFFIN.CODUSUBAIXA AS CODUSUBAIXA,TGFFIN.CODUSUCOBR AS CODUSUCOBR,TGFFIN.CODVEICULO AS CODVEICULO,TGFFIN.CODVEND AS CODVEND,TGFFIN.CONTA_CMC7 AS CONTA_CMC7,TGFFIN.CUSTASPROCESSUAIS AS CUSTASPROCESSUAIS,TGFFIN.DEPOSITOJUDICIAL AS DEPOSITOJUDICIAL,TGFFIN.DESCRTPAGNFCE AS DESCRTPAGNFCE,TGFFIN.DESDOBDUPL AS DESDOBDUPL,TGFFIN.DESDOBRAMENTO AS DESDOBRAMENTO,TGFFIN.DESPADVOGADO AS DESPADVOGADO,TGFFIN.DESPCART AS DESPCART,TGFFIN.DHBAIXA AS DHBAIXA,TGFFIN.DHMOV AS DHMOV,TGFFIN.DHTIPOPER AS DHTIPOPER,TGFFIN.DHTIPOPERBAIXA AS DHTIPOPERBAIXA,TGFFIN.DH_IMPRESSAO AS DH_IMPRESSAO,TGFFIN.DIGSAFRA AS DIGSAFRA,TGFFIN.DTALTER AS DTALTER,TGFFIN.DTBAIXAPREV AS DTBAIXAPREV,TGFFIN.DTCONTAB AS DTCONTAB,TGFFIN.DTCONTABBAIXA AS DTCONTABBAIXA,TGFFIN.DTENTSAI AS DTENTSAI,TGFFIN.DTENTSAIINFO AS DTENTSAIINFO,TGFFIN.DTINITREFAPURACAO AS DTINITREFAPURACAO,TGFFIN.DTINTEGRACAOIPI AS DTINTEGRACAOIPI,TGFFIN.DTNEG AS DTNEG,TGFFIN.DTPRAZO AS DTPRAZO,TGFFIN.DTREFERENCIA AS DTREFERENCIA,TGFFIN.DTVENC AS DTVENC,TGFFIN.DTVENCINIC AS DTVENCINIC,TGFFIN.EMVPIX AS EMVPIX,TGFFIN.EXIGEISSQN AS EXIGEISSQN,TGFFIN.HISTORICO AS HISTORICO,TGFFIN.IDLOTEFDIC AS IDLOTEFDIC,TGFFIN.IDUNICO AS IDUNICO,TGFFIN.INDRECEFDCONT AS INDRECEFDCONT,TGFFIN.INFCOMPLEFDCONT AS INFCOMPLEFDCONT,TGFFIN.INSSRETIDO AS INSSRETIDO,TGFFIN.IRFRETIDO AS IRFRETIDO,TGFFIN.ISSRETIDO AS ISSRETIDO,TGFFIN.JUROSAVP AS JUROSAVP,TGFFIN.LINHADIGITAVEL AS LINHADIGITAVEL,TGFFIN.M2 AS M2,TGFFIN.METODOCALCIRRF AS METODOCALCIRRF,TGFFIN.MODELONFDES AS MODELONFDES,TGFFIN.MONIOCOREM AS MONIOCOREM,TGFFIN.MOTNAORETERISSQN AS MOTNAORETERISSQN,TGFFIN.NATUREZAOPERDES AS NATUREZAOPERDES,TGFFIN.NFCOMPLFIX AS NFCOMPLFIX,TGFFIN.NFENTSEQFIX AS NFENTSEQFIX,TGFFIN.NOMEEMITENTE_CMC7 AS NOMEEMITENTE_CMC7,TGFFIN.NOSSONUM AS NOSSONUM,TGFFIN.NROIMPORT AS NROIMPORT,TGFFIN.NROLOTEGNRE AS NROLOTEGNRE,TGFFIN.NUANTBANC AS NUANTBANC,TGFFIN.NUAPONTA AS NUAPONTA,TGFFIN.NUBCO AS NUBCO,TGFFIN.NUCAIXA AS NUCAIXA,TGFFIN.NUCCR AS NUCCR,TGFFIN.NUCHQ AS NUCHQ,TGFFIN.NUCKC AS NUCKC,TGFFIN.NUCOMPENS AS NUCOMPENS,TGFFIN.NUDEV AS NUDEV,TGFFIN.NUFIN AS NUFIN,TGFFIN.NUFTC AS NUFTC,TGFFIN.NUMBOR AS NUMBOR,TGFFIN.NUMCONTRATO AS NUMCONTRATO,TGFFIN.NUMDOCARRECAD AS NUMDOCARRECAD,TGFFIN.NUMDUPL AS NUMDUPL,TGFFIN.NUMNFSE AS NUMNFSE,TGFFIN.NUMNOTA AS NUMNOTA,TGFFIN.NUMOCORRENCIAS AS NUMOCORRENCIAS,TGFFIN.NUMOS AS NUMOS,TGFFIN.NUMPROCADMJUDIC AS NUMPROCADMJUDIC,TGFFIN.NUMREMESSA AS NUMREMESSA,TGFFIN.NUNOTA AS NUNOTA,TGFFIN.NUPED AS NUPED,TGFFIN.NURENEG AS NURENEG,TGFFIN.NUVERBA AS NUVERBA,TGFFIN.OBRACONSTCIVIL AS OBRACONSTCIVIL,TGFFIN.ORDEMCARGA AS ORDEMCARGA,TGFFIN.ORIGEM AS ORIGEM,TGFFIN.PARCRENEG AS PARCRENEG,TGFFIN.PDD AS PDD,TGFFIN.PIXTEF AS PIXTEF,TGFFIN.PROVISAO AS PROVISAO,TGFFIN.RATEADO AS RATEADO,TGFFIN.RECADIANTAMENTORURAL AS RECADIANTAMENTORURAL,TGFFIN.RECDESP AS RECDESP,TGFFIN.RECEBCARTAO AS RECEBCARTAO,TGFFIN.RECEBIDO AS RECEBIDO,TGFFIN.REFATCON AS REFATCON,TGFFIN.REGESPTRIBUT AS REGESPTRIBUT,TGFFIN.REJEICAOGNRE AS REJEICAOGNRE,TGFFIN.SANGDESPDV AS SANGDESPDV,TGFFIN.SEQCAIXA AS SEQCAIXA,TGFFIN.SEQUENCIA AS SEQUENCIA,TGFFIN.SERIENFDES AS SERIENFDES,TGFFIN.SERIENOTA AS SERIENOTA,TGFFIN.SITESPECIALRESP AS SITESPECIALRESP,TGFFIN.STATUSGNRE AS STATUSGNRE,TGFFIN.TIMBLOQUEADA AS TIMBLOQUEADA,TGFFIN.TIMCONTALANC AS TIMCONTALANC,TGFFIN.TIMCONTAREP AS TIMCONTAREP,TGFFIN.TIMCONTRATOADM AS TIMCONTRATOADM,TGFFIN.TIMCONTRATOLOC AS TIMCONTRATOLOC,TGFFIN.TIMCONTRATOLTV AS TIMCONTRATOLTV,TGFFIN.TIMDATADEJUR AS TIMDATADEJUR,TGFFIN.TIMDHBAIXA AS TIMDHBAIXA,TGFFIN.TIMDHGERREPASSE AS TIMDHGERREPASSE,TGFFIN.TIMDHGERREPPARCIAL AS TIMDHGERREPPARCIAL,TGFFIN.TIMDTIMPBOL AS TIMDTIMPBOL,TGFFIN.TIMDTIMPBOLLOCAL AS TIMDTIMPBOLLOCAL,TGFFIN.TIMDTREPASSE AS TIMDTREPASSE,TGFFIN.TIMDTREPPARCIAL AS TIMDTREPPARCIAL,TGFFIN.TIMFECHAMENTO AS TIMFECHAMENTO,TGFFIN.TIMFECHAMENTOALU AS TIMFECHAMENTOALU,TGFFIN.TIMFINGARANTORIG AS TIMFINGARANTORIG,TGFFIN.TIMIMOVEL AS TIMIMOVEL,TGFFIN.TIMNEGOCIACAO AS TIMNEGOCIACAO,TGFFIN.TIMNOMEADVOGADO AS TIMNOMEADVOGADO,TGFFIN.TIMNUFINORIG AS TIMNUFINORIG,TGFFIN.TIMNUMREG AS TIMNUMREG,TGFFIN.TIMORIGEM AS TIMORIGEM,TGFFIN.TIMORIGRENEG AS TIMORIGRENEG,TGFFIN.TIMPARCELA AS TIMPARCELA,TGFFIN.TIMRENEGCANCLOTE AS TIMRENEGCANCLOTE,TGFFIN.TIMRENEGIMV AS TIMRENEGIMV,TGFFIN.TIMRENEGLOTE AS TIMRENEGLOTE,TGFFIN.TIMREPINTELIGENTE AS TIMREPINTELIGENTE,TGFFIN.TIMREPPARCIAL AS TIMREPPARCIAL,TGFFIN.TIMRESCISAOLOC AS TIMRESCISAOLOC,TGFFIN.TIMRESCISAOLTV AS TIMRESCISAOLTV,TGFFIN.TIMSAC AS TIMSAC,TGFFIN.TIMTIPOINTERMED AS TIMTIPOINTERMED,TGFFIN.TIMTXADMGERALU AS TIMTXADMGERALU,TGFFIN.TIMVENDAIMV AS TIMVENDAIMV,TGFFIN.TIMVENDALOTE AS TIMVENDALOTE,TGFFIN.TIMVLRAMORTCONTRATO AS TIMVLRAMORTCONTRATO,TGFFIN.TIMVLRCORRMONET AS TIMVLRCORRMONET,TGFFIN.TIMVLRJUROCONTRATO AS TIMVLRJUROCONTRATO,TGFFIN.TIPAPURACAO AS TIPAPURACAO,TGFFIN.TIPJURO AS TIPJURO,TGFFIN.TIPMARCCHEQ AS TIPMARCCHEQ,TGFFIN.TIPMULTA AS TIPMULTA,TGFFIN.TPAGNFCE AS TPAGNFCE,TGFFIN.TROCOPDV AS TROCOPDV,TGFFIN.VALORPRESENTE AS VALORPRESENTE,TGFFIN.VENDAMAIS AS VENDAMAIS,TGFFIN.VLRALIBERAR AS VLRALIBERAR,TGFFIN.VLRBAIXA AS VLRBAIXA,TGFFIN.VLRCESSAO AS VLRCESSAO,TGFFIN.VLRCHEQUE AS VLRCHEQUE,TGFFIN.VLRDESC AS VLRDESC,TGFFIN.VLRDESCCALC AS VLRDESCCALC,TGFFIN.VLRDESCEMBUT AS VLRDESCEMBUT,TGFFIN.VLRDESDOB AS VLRDESDOB,TGFFIN.VLRDESDOBCALC AS VLRDESDOBCALC,TGFFIN.VLRFATCARTAO AS VLRFATCARTAO,TGFFIN.VLRGNREDOIS AS VLRGNREDOIS,TGFFIN.VLRICMSXMLCTE AS VLRICMSXMLCTE,TGFFIN.VLRINSS AS VLRINSS,TGFFIN.VLRIRF AS VLRIRF,TGFFIN.VLRISS AS VLRISS,TGFFIN.VLRJURO AS VLRJURO,TGFFIN.VLRJUROEMBUT AS VLRJUROEMBUT,TGFFIN.VLRJUROLIB AS VLRJUROLIB,TGFFIN.VLRJURONEGOC AS VLRJURONEGOC,TGFFIN.VLRMOEDA AS VLRMOEDA,TGFFIN.VLRMOEDABAIXA AS VLRMOEDABAIXA,TGFFIN.VLRMULTA AS VLRMULTA,TGFFIN.VLRMULTAEMBUT AS VLRMULTAEMBUT,TGFFIN.VLRMULTALIB AS VLRMULTALIB,TGFFIN.VLRMULTANEGOC AS VLRMULTANEGOC,TGFFIN.VLRPROV AS VLRPROV,TGFFIN.VLRVARCAMBIAL AS VLRVARCAMBIAL,TGFFIN.VLRVENDOR AS VLRVENDOR, (
		CASE 
          WHEN NUANTBANC IS NOT NULL AND EXISTS(SELECT 1 FROM TGFANB WHERE NUFINTITORI = TGFFIN.NUFIN) THEN 'S'
	      ELSE 'N'
	  END) AS ANTECIPADO, (
CASE 
    WHEN TGFFIN.DTVENC IS NULL THEN 0 
    ELSE
        (CASE 
            WHEN TGFFIN.DHBAIXA IS NOT NULL AND (TGFFIN.VLRBAIXA <> 0 OR TGFFIN.VLRDESC >= TGFFIN.VLRDESDOB) THEN TRUNC((TGFFIN.DHBAIXA) - (TGFFIN.DTVENC))
            ELSE TRUNC((TRUNC(SYSDATE)) - (TRUNC(TGFFIN.DTVENC)))
         END)
END) AS ATRASO, (
CASE 
    WHEN TGFFIN.DTVENCINIC IS NULL THEN 0 
    ELSE
        (CASE 
            WHEN TGFFIN.DHBAIXA IS NOT NULL AND TGFFIN.VLRBAIXA <> 0 THEN TRUNC((TGFFIN.DHBAIXA) - (TGFFIN.DTVENCINIC))
            ELSE TRUNC((TRUNC(SYSDATE)) - (TRUNC(TGFFIN.DTVENCINIC)))
         END)
END) AS ATRASOINICIAL, ( SELECT PAR.CGC_CPF FROM TGFPAR PAR WHERE PAR.CODPARC = TGFFIN.CODPARC) AS CGC_CPF_PARC, ( SELECT TGFPAR.CHAVEPIX FROM TGFPAR WHERE TGFPAR.CODPARC = TGFFIN.CODPARC) AS CHAVEPIX, ( SELECT CAB.CODOPERACAOVENDAMAIS AS CODOPERACAOVM FROM TGFCABVM CAB, TGFFINVM FIN WHERE TGFFIN.NUFIN = FIN.NUFIN AND FIN.NUNOTA = CAB.NUNOTA) AS CODOPERACAOVENDAMAIS, (
		CASE 
          WHEN 'S' = (SELECT CONCILIADO FROM TGFMBC WHERE TGFMBC.NUBCO = TGFFIN.NUBCO) THEN 'S'
	      ELSE 'N'
	  END) AS CONCILIADO, ( CASE WHEN (SELECT COUNT(*) FROM TCBINT T WHERE T.ORIGEM IN ('F','B') AND T.NUNICO = TGFFIN.NUFIN) > 0 THEN 'S' ELSE 'N' END) AS CONTABILIZADO, (
          SELECT F.TIPACERTO FROM TGFFRE F WHERE F.NUFIN = TGFFIN.NUFIN
            AND F.NUACERTO = (SELECT MAX(F2.NUACERTO) FROM TGFFRE F2 WHERE F2.NUFIN = TGFFIN.NUFIN)) AS DESCOPERFIN, ( SELECT CAB.DHAPROVACAO AS DHAPROVACAO FROM TGFCABVM CAB, TGFFINVM FIN WHERE TGFFIN.NUFIN = FIN.NUFIN AND FIN.NUNOTA = CAB.NUNOTA) AS DHAPROVACAOVENDAMAIS, (
		SELECT DHCONCILIACAO FROM TGFMBC WHERE NUBCO = TGFFIN.NUBCO) AS DHCONCIL, (
		CASE 
          WHEN NUANTBANC IS NOT NULL THEN (SELECT DTANTBANC FROM TGFANB WHERE NUANTBANC = TGFFIN.NUANTBANC AND NUFINTITORI = TGFFIN.NUFIN)
	      ELSE NULL
	  END) AS DTANTECIPACAO, ( SELECT P.IDTRANSACAO FROM TGFPIX P WHERE P.NUFIN = TGFFIN.NUFIN AND P.SEQPIX = (SELECT MAX(P2.SEQPIX) FROM TGFPIX P2 WHERE P2.NUFIN = TGFFIN.NUFIN)) AS IDTRANSACAOPIX, ( CASE WHEN NVL(TGFFIN.NFCOMPLFIX,0) <> 0 THEN (SELECT CAB.NUMNOTA FROM TGFCAB CAB WHERE CAB.NUNOTA = TGFFIN.NFCOMPLFIX) ELSE NULL END) AS NUMCOMPLFIX, ( CASE WHEN TGFFIN.VLRDESDOB IS NOT NULL AND TGFFIN.VLRDESDOB > 0 THEN(ROUND(TGFFIN.VLRDESC/TGFFIN.VLRDESDOB *100,2)) ELSE 0 END) AS PERCDESC, ( CASE WHEN TGFFIN.DTVENC IS NOT NULL AND TGFFIN.DTNEG IS NOT NULL THEN TRUNC((TGFFIN.DTVENC) - (TGFFIN.DTNEG)) ELSE NULL END) AS PRAZO, ( CASE WHEN TGFFIN.DTVENCINIC IS NOT NULL AND TGFFIN.DTNEG IS NOT NULL THEN TRUNC((TGFFIN.DTVENCINIC) - (TGFFIN.DTNEG)) ELSE NULL END) AS PRAZOINICIAL, ( CASE WHEN TGFFIN.NUNOTA IS NOT NULL AND TGFFIN.NUNOTA > 0 THEN(SELECT CAB.RATEADO FROM TGFCAB CAB WHERE CAB.NUNOTA = TGFFIN.NUNOTA) ELSE 'N' END) AS RATEADOCAB, ( CASE WHEN NVL(TGFFIN.NFCOMPLFIX,0) <> 0 THEN (SELECT CAB.SERIENOTA FROM TGFCAB CAB WHERE CAB.NUNOTA = TGFFIN.NFCOMPLFIX) ELSE NULL END) AS SERIENOTACOMPL, ( SELECT TGFTIT.SUBTIPOVENDA FROM TGFTIT WHERE TGFTIT.CODTIPTIT = TGFFIN.CODTIPTIT) AS SUBTIPOVENDA, ( NVL(TGFFIN.CARTAODESC,0)) AS TAXAVENDAMAIS, ( 
  	CASE WHEN TGFFIN.TIMORIGEM IN ('AL','AV','FC') THEN 
		CASE WHEN TGFFIN.DHBAIXA IS NULL THEN 
			CASE WHEN TRUNC(TGFFIN.DTVENC) < TRUNC(SYSDATE) THEN 
				CASE WHEN TGFFIN.TIMDATADEJUR IS NOT NULL THEN 'Jurídico' 
				ELSE 'Atrasado' END 
			ELSE 'Aberto' END	 
		ELSE 'Baixado' END 
	ELSE NULL END) AS TIMESTAGIO, ( 
	CASE WHEN TGFFIN.TIMORIGEM IN ('AL','AV','FC') THEN 
		(SELECT NVL(SUM(NVL(DTLVALOR, 0)), 0)  
		FROM TIMDTL 
		WHERE DTLPARCELA = TGFFIN.NUFIN 
		AND DTLHISTORICO = NVL(( 
			SELECT INTEIRO 
		    FROM TSIPAR 
		    WHERE UPPER(CHAVE) = 'TIMHISTDETLALUG' 
			AND CODUSU = 0 
		),2)) 
	ELSE NULL END) AS TIMVLRALUGUEL, ( CASE WHEN NVL(TGFFIN.VLRICMSXMLCTE, 0) = 0 THEN ROUND((NVL(TGFFIN.BASEICMS, 0) * NVL(TGFFIN.ALIQICMS, 0))/100, 2) ELSE TGFFIN.VLRICMSXMLCTE END) AS VLRICMS, ( TGFFIN.VLRJURO + TGFFIN.VLRMULTA) AS VLRJUROSMAISMULTA, ( (NVL(TGFFIN.VLRDESDOB,0) + (CASE WHEN TGFFIN.TIPMULTA = '1' THEN NVL(TGFFIN.VLRMULTA,0) ELSE 0 END) + (CASE WHEN TGFFIN.TIPJURO = '1' THEN NVL(TGFFIN.VLRJURO,0) ELSE 0 END) + NVL(TGFFIN.DESPCART,0) + NVL(TGFFIN.VLRVENDOR,0) - NVL(TGFFIN.VLRDESC,0) - (CASE WHEN TGFFIN.IRFRETIDO = 'S' THEN NVL(TGFFIN.VLRIRF,0) ELSE 0 END) - (CASE WHEN TGFFIN.ISSRETIDO = 'S' THEN NVL(TGFFIN.VLRISS,0) ELSE 0 END) - (CASE WHEN TGFFIN.INSSRETIDO = 'S' THEN NVL(TGFFIN.VLRINSS,0) ELSE 0 END) - NVL(TGFFIN.CARTAODESC,0) + NVL((SELECT ROUND(SUM(I.VALOR * I.TIPIMP),2) FROM TGFIMF I WHERE I.NUFIN = TGFFIN.NUFIN),0) + NVL(TGFFIN.VLRMULTANEGOC,0) + NVL(TGFFIN.VLRJURONEGOC,0) - NVL(TGFFIN.VLRMULTALIB,0) - NVL(TGFFIN.VLRJUROLIB,0) + NVL(TGFFIN.VLRVARCAMBIAL,0)) * NVL(TGFFIN.RECDESP,0)) AS VLRLIQUIDO, ( NVL(TGFFIN.VLRDESDOB, 0) + NVL(TGFFIN.VLRJURO,0) + NVL(TGFFIN.VLRMULTA,0) - NVL(TGFFIN.VLRDESC,0)) AS VLRTOTALCALC, ( CASE WHEN	TGFFIN.VLRCHEQUE IS NOT NULL AND TGFFIN.VLRCHEQUE <> 0 AND TGFFIN.VLRBAIXA IS NOT NULL THEN	TGFFIN.VLRCHEQUE - CASE WHEN TGFFIN.NUBCO IS NULL THEN TGFFIN.VLRBAIXA ELSE (SELECT SUM(F.VLRBAIXA) FROM TGFFIN F WHERE F.NUBCO = TGFFIN.NUBCO) END	ELSE 0 END) AS VLRTROCO , Banco.NOMEBCO AS l0_NOMEBCO,CentroResultado.DESCRCENCUS AS l1_DESCRCENCUS,ClassificacaoFiscalOperacao.DESCRCFO AS l2_DESCRCFO,CompFinancReinf.CODNATREND AS l3_CODNATREND,CompFinancReinf.DTESCRCONT AS l3_DTESCRCONT,CompFinancReinf.SEMIREXT AS l3_SEMIREXT,CompFinancReinf.TRIBIRRFEXT AS l3_TRIBIRRFEXT,CompFinancReinf.TEMDEDIRPF AS l3_TEMDEDIRPF,CompFinancReinf.CODDEDIRPF AS l3_CODDEDIRPF,CompFinancReinf.VLRDEDBASEIRPF AS l3_VLRDEDBASEIRPF,CompFinancReinf.IRRFISENTO AS l3_IRRFISENTO,CompFinancReinf.TPISENCAO AS l3_TPISENCAO,CompFinancReinf.VLRISENCAOIDADE AS l3_VLRISENCAOIDADE,CompFinancReinf.DTLAUDO AS l3_DTLAUDO,CompFinancReinf.DESCISENCAO AS l3_DESCISENCAO,CadastroNaturezaRendimentos4_1.DESCNATREND AS l4_DESCNATREND,CadastroNaturezaRendimentos4_1.CODNATREND AS l4_CODNATREND,CadastroNaturezaRendimentos4_1.DESCNATREND AS l4_DESCNATREND,CadastroNaturezaRendimentos4_1.FCI AS l4_FCI,CadastroNaturezaRendimentos4_1.DECIMOTERCEIRO AS l4_DECIMOTERCEIRO,CadastroNaturezaRendimentos4_1.RRA AS l4_RRA,CadastroNaturezaRendimentos4_1.DEDUCAO AS l4_DEDUCAO,CadastroNaturezaRendimentos4_1.RENDISENTO AS l4_RENDISENTO,CadastroNaturezaRendimentos4_1.TRIBUTO AS l4_TRIBUTO,CadastroNaturezaRendimentos4_1.BLOCOAPLIC AS l4_BLOCOAPLIC,CadastroNaturezaRendimentos4_1.APLICACAO AS l4_APLICACAO,CadastroNaturezaRendimentos4_1.DTINICIOVAL AS l4_DTINICIOVAL,CadastroNaturezaRendimentos4_1.DTFIMVAL AS l4_DTFIMVAL,CadastroNaturezaRendimentos4_1.ATIVO AS l4_ATIVO,CadastroNaturezaRendimentos4_1.GERSEMTRIB AS l4_GERSEMTRIB,ContaBancaria.DESCRICAO AS l5_DESCRICAO,Contato.NOMECONTATO AS l6_NOMECONTATO,Empresa.NOMEFANTASIA AS l7_NOMEFANTASIA,EmpresaBaixa.NOMEFANTASIA AS l8_NOMEFANTASIA,Funcionario.NOMEFUNC AS l9_NOMEFUNC,ImovelRural.NOMEFANTASIA AS l10_NOMEFANTASIA,ListaServicoSintegra.DESCRLST AS l11_DESCRLST,Moeda.NOMEMOEDA AS l12_NOMEMOEDA,Natureza.DESCRNAT AS l13_DESCRNAT,ObservacaoNotasFiscais.OBSERVACAO AS l14_OBSERVACAO,Parceiro.NOMEPARC AS l15_NOMEPARC,UnidadeFederativa16_2.UF AS l16_UF,PixTEF.SEQPIXTEF AS l17_SEQPIXTEF,Projeto.IDENTIFICACAO AS l18_IDENTIFICACAO,ReceitaDarf.DESCRRECEITA AS l19_DESCRRECEITA,TEF.REDE AS l20_REDE,TEF.TIPODOC AS l20_TIPODOC,TEF.NUMCV AS l20_NUMCV,TEF.NUMDOC AS l20_NUMDOC,TEF.NUMPV AS l20_NUMPV,TEF.DESDOBRAMENTO AS l20_DESDOBRAMENTO,TEF.DTTRANSACAO AS l20_DTTRANSACAO,TEF.VLRTRANSACAO AS l20_VLRTRANSACAO,TEF.VLRTAXA AS l20_VLRTAXA,TEF.BANDEIRA AS l20_BANDEIRA,TEF.CONFIRMADO AS l20_CONFIRMADO,TEF.CODUSU AS l20_CODUSU,TEF.PROCESSO AS l20_PROCESSO,TEF.COMPROVANTE AS l20_COMPROVANTE,TEF.IDENTIFICACAOTEF AS l20_IDENTIFICACAOTEF,TEF.OPERACAOTEF AS l20_OPERACAOTEF,TEF.AUTORIZACAO AS l20_AUTORIZACAO,TEF.NUMNSU AS l20_NUMNSU,TEF.NOMEREDE AS l20_NOMEREDE,TimContaBancaria.DESCRICAO AS l21_DESCRICAO,TimImovel.IMVDESCRICAO AS l22_IMVDESCRICAO,TimTipoIntermed.TINDESCRICAO AS l23_TINDESCRICAO,TipoOperacao.DESCROPER AS l24_DESCROPER,TipoOperacao.TIPMOV AS l24_TIPMOV,TipoOperacaoBaixa.DESCROPER AS l25_DESCROPER,TipoTitulo.DESCRTIPTIT AS l26_DESCRTIPTIT,TipoTitulo.INFCMC7 AS l26_INFCMC7,Usuario.NOMEUSU AS l27_NOMEUSU,Usuario2.NOMEUSU AS l28_NOMEUSU,UsuarioBaixa.NOMEUSU AS l29_NOMEUSU,Vendedor.APELIDO AS l30_APELIDO FROM TGFFIN  left join (SELECT NOMEBCO,CODBCO FROM TSIBCO) Banco  ON(TGFFIN.CODBCO = Banco.CODBCO) left join (SELECT DESCRCENCUS,CODCENCUS FROM TSICUS) CentroResultado  ON(TGFFIN.CODCENCUS = CentroResultado.CODCENCUS) left join (SELECT CODCFO,DESCRCFO FROM TGFCFO) ClassificacaoFiscalOperacao  ON(TGFFIN.CODCFO = ClassificacaoFiscalOperacao.CODCFO) left join (SELECT SEMIREXT,CODDEDIRPF,TEMDEDIRPF,VLRDEDBASEIRPF,TPISENCAO,DESCISENCAO,CODNATREND,VLRISENCAOIDADE,NUFIN,TRIBIRRFEXT,DTLAUDO,DTESCRCONT,IRRFISENTO FROM TGFRNF) CompFinancReinf  ON(TGFFIN.NUFIN = CompFinancReinf.NUFIN) left join (SELECT RRA,BLOCOAPLIC,TRIBUTO,GERSEMTRIB,RENDISENTO,FCI,CODNATREND,DTFIMVAL,DTINICIOVAL,DEDUCAO,ATIVO,DESCNATREND,DECIMOTERCEIRO,APLICACAO FROM TGFNRR) CadastroNaturezaRendimentos4_1  ON(CompFinancReinf.CODNATREND = CadastroNaturezaRendimentos4_1.CODNATREND) left join (SELECT CODCTABCOINT,DESCRICAO FROM TSICTA) ContaBancaria  ON(TGFFIN.CODCTABCOINT = ContaBancaria.CODCTABCOINT) left join (SELECT NOMECONTATO,CODPARC,CODCONTATO FROM TGFCTT) Contato  ON(TGFFIN.CODPARC = Contato.CODPARC AND TGFFIN.CODCONTATO = Contato.CODCONTATO) left join (SELECT NOMEFANTASIA,CODEMP FROM TSIEMP) Empresa  ON(TGFFIN.CODEMP = Empresa.CODEMP) left join (SELECT NOMEFANTASIA,CODEMP FROM TSIEMP) EmpresaBaixa  ON(TGFFIN.CODEMPBAIXA = EmpresaBaixa.CODEMP) left join (SELECT CODFUNC,NOMEFUNC,CODEMP FROM TFPFUN) Funcionario  ON(TGFFIN.CODEMP = Funcionario.CODEMP AND TGFFIN.CODFUNC = Funcionario.CODFUNC) left join (SELECT NOMEFANTASIA,CODEMP FROM TSIEMP) ImovelRural  ON(TGFFIN.CODIMOVELRURAL = ImovelRural.CODEMP) left join (SELECT DESCRLST,CODLST FROM TGFLST) ListaServicoSintegra  ON(TGFFIN.CODLST = ListaServicoSintegra.CODLST) left join (SELECT NOMEMOEDA,CODMOEDA FROM TSIMOE) Moeda  ON(TGFFIN.CODMOEDA = Moeda.CODMOEDA) left join (SELECT DESCRNAT,CODNAT FROM TGFNAT) Natureza  ON(TGFFIN.CODNAT = Natureza.CODNAT) left join (SELECT CODOBSPADRAO,OBSERVACAO FROM TGFOBS) ObservacaoNotasFiscais  ON(TGFFIN.CODOBSPADRAO = ObservacaoNotasFiscais.CODOBSPADRAO) left join (SELECT NOMEPARC,CODPARC,CODCID FROM TGFPAR) Parceiro  ON(TGFFIN.CODPARC = Parceiro.CODPARC) left join (SELECT UF,CODCID FROM TSICID) Cidade16_1  ON(Parceiro.CODCID = Cidade16_1.CODCID) left join (SELECT UF,CODUF FROM TSIUFS) UnidadeFederativa16_2  ON(Cidade16_1.UF = UnidadeFederativa16_2.CODUF) left join (SELECT SEQPIXTEF FROM TGFPIXTEF) PixTEF  ON(TGFFIN.PIXTEF = PixTEF.SEQPIXTEF) left join (SELECT CODPROJ,IDENTIFICACAO FROM TCSPRJ) Projeto  ON(TGFFIN.CODPROJ = Projeto.CODPROJ) left join (SELECT DESCRRECEITA,CODRECEITA FROM TGFRDARF) ReceitaDarf  ON(TGFFIN.CODRECEITA = ReceitaDarf.CODRECEITA) left join (SELECT VLRTAXA,IDENTIFICACAOTEF,NUMNSU,DTTRANSACAO,COMPROVANTE,NUMCV,CONFIRMADO,OPERACAOTEF,AUTORIZACAO,TIPODOC,VLRTRANSACAO,CODUSU,REDE,NOMEREDE,BANDEIRA,NUFIN,DESDOBRAMENTO,NUMDOC,PROCESSO,NUMPV FROM TGFTEF) TEF  ON(TGFFIN.NUFIN = TEF.NUFIN) left join (SELECT CODCTABCOINT,DESCRICAO FROM TSICTA) TimContaBancaria  ON(TGFFIN.TIMCONTALANC = TimContaBancaria.CODCTABCOINT) left join (SELECT IMVDESCRICAO,IMVCODIGO FROM TIMIMV) TimImovel  ON(TGFFIN.TIMIMOVEL = TimImovel.IMVCODIGO) left join (SELECT TINCODIGO,TINDESCRICAO FROM TIMTIN) TimTipoIntermed  ON(TGFFIN.TIMTIPOINTERMED = TimTipoIntermed.TINCODIGO) left join (SELECT CODTIPOPER,TIPMOV,DHALTER,DESCROPER FROM TGFTOP) TipoOperacao  ON(TGFFIN.CODTIPOPER = TipoOperacao.CODTIPOPER AND TGFFIN.DHTIPOPER = TipoOperacao.DHALTER) left join (SELECT CODTIPOPER,DHALTER,DESCROPER FROM TGFTOP) TipoOperacaoBaixa  ON(TGFFIN.CODTIPOPERBAIXA = TipoOperacaoBaixa.CODTIPOPER AND TGFFIN.DHTIPOPERBAIXA = TipoOperacaoBaixa.DHALTER) left join (SELECT CODTIPTIT,INFCMC7,DESCRTIPTIT FROM TGFTIT) TipoTitulo  ON(TGFFIN.CODTIPTIT = TipoTitulo.CODTIPTIT) left join (SELECT CODUSU,NOMEUSU FROM TSIUSU) Usuario  ON(TGFFIN.CODUSU = Usuario.CODUSU) left join (SELECT CODUSU,NOMEUSU FROM TSIUSU) Usuario2  ON(TGFFIN.TIMREPINTELIGENTE = Usuario2.CODUSU) left join (SELECT CODUSU,NOMEUSU FROM TSIUSU) UsuarioBaixa  ON(TGFFIN.CODUSUBAIXA = UsuarioBaixa.CODUSU) left join (SELECT APELIDO,CODVEND FROM TGFVEN) Vendedor  ON(TGFFIN.CODVEND = Vendedor.CODVEND)   WHERE ((((TGFFIN.RECDESP IN(1, -1) ) AND TGFFIN.PROVISAO IN('N','S') AND TGFFIN.DHBAIXA IS NOT NULL AND  TRUNC(TGFFIN.DHBAIXA) >= TRUNC(?)  AND  TRUNC(TGFFIN.DHBAIXA) <= TRUNC(?)  AND  TGFFIN.CODNAT in(15010101) AND  NOT (TGFFIN.PROVISAO = 'S' AND TGFFIN.DHBAIXA IS NOT NULL AND TGFFIN.ORIGEM = 'E')))) 
Params:
  1 = 2026-01-05
  2 = 2026-01-05
-------------------------------------------------------------------------------------------------------
##ID_33## tempo: 4 (ms)
SELECT ('Cód.Conta: ' ||  (CAST(TSICTA.CODCTABCOINT AS VARCHAR(10)) ||  (' - Descriçăo ' ||  TSICTA.DESCRICAO))) FROM TSICTA, TGFMBC, TGFFIN WHERE TGFMBC.NUBCO = 115549 AND TSICTA.CODCTABCOINT = TGFMBC.CODCTABCOINT AND TGFFIN.NUFIN = 210540
Params:
-------------------------------------------------------------------------------------------------------
##ID_34## tempo: 3 (ms)
SELECT MAX(ADC.DESCALINEACHEQDEV) FROM TGFMDC MDC, TGFADC ADC, TGFFIN WHERE ADC.ALINEACHEQDEV = MDC.ALINEACHEQDEV AND MDC.NUDEV = TGFFIN.NUDEV AND MDC.NUFINORIG = 210540
Params:
-------------------------------------------------------------------------------------------------------
##ID_35## tempo: 2 (ms)
SELECT ('Cód.Conta: ' ||  (CAST(TSICTA.CODCTABCOINT AS VARCHAR(10)) ||  (' - Descriçăo ' ||  TSICTA.DESCRICAO))) FROM TSICTA, TGFMBC, TGFFIN WHERE TGFMBC.NUBCO = null AND TSICTA.CODCTABCOINT = TGFMBC.CODCTABCOINT AND TGFFIN.NUFIN = 209267
Params:
-------------------------------------------------------------------------------------------------------
##ID_36## tempo: 3 (ms)
SELECT MAX(ADC.DESCALINEACHEQDEV) FROM TGFMDC MDC, TGFADC ADC, TGFFIN WHERE ADC.ALINEACHEQDEV = MDC.ALINEACHEQDEV AND MDC.NUDEV = TGFFIN.NUDEV AND MDC.NUFINORIG = 209267
Params:
-------------------------------------------------------------------------------------------------------
##ID_37## tempo: 3 (ms)
SELECT ('Cód.Conta: ' ||  (CAST(TSICTA.CODCTABCOINT AS VARCHAR(10)) ||  (' - Descriçăo ' ||  TSICTA.DESCRICAO))) FROM TSICTA, TGFMBC, TGFFIN WHERE TGFMBC.NUBCO = null AND TSICTA.CODCTABCOINT = TGFMBC.CODCTABCOINT AND TGFFIN.NUFIN = 209268
Params:
-------------------------------------------------------------------------------------------------------
##ID_38## tempo: 4 (ms)
SELECT MAX(ADC.DESCALINEACHEQDEV) FROM TGFMDC MDC, TGFADC ADC, TGFFIN WHERE ADC.ALINEACHEQDEV = MDC.ALINEACHEQDEV AND MDC.NUDEV = TGFFIN.NUDEV AND MDC.NUFINORIG = 209268
Params:
-------------------------------------------------------------------------------------------------------
##ID_39## tempo: 3 (ms)
SELECT ('Cód.Conta: ' ||  (CAST(TSICTA.CODCTABCOINT AS VARCHAR(10)) ||  (' - Descriçăo ' ||  TSICTA.DESCRICAO))) FROM TSICTA, TGFMBC, TGFFIN WHERE TGFMBC.NUBCO = null AND TSICTA.CODCTABCOINT = TGFMBC.CODCTABCOINT AND TGFFIN.NUFIN = 209269
Params:
-------------------------------------------------------------------------------------------------------
##ID_40## tempo: 2 (ms)
SELECT MAX(ADC.DESCALINEACHEQDEV) FROM TGFMDC MDC, TGFADC ADC, TGFFIN WHERE ADC.ALINEACHEQDEV = MDC.ALINEACHEQDEV AND MDC.NUDEV = TGFFIN.NUDEV AND MDC.NUFINORIG = 209269
Params:
-------------------------------------------------------------------------------------------------------
##ID_41## tempo: 2 (ms)
SELECT ('Cód.Conta: ' ||  (CAST(TSICTA.CODCTABCOINT AS VARCHAR(10)) ||  (' - Descriçăo ' ||  TSICTA.DESCRICAO))) FROM TSICTA, TGFMBC, TGFFIN WHERE TGFMBC.NUBCO = null AND TSICTA.CODCTABCOINT = TGFMBC.CODCTABCOINT AND TGFFIN.NUFIN = 209270
Params:
-------------------------------------------------------------------------------------------------------
##ID_42## tempo: 2 (ms)
SELECT MAX(ADC.DESCALINEACHEQDEV) FROM TGFMDC MDC, TGFADC ADC, TGFFIN WHERE ADC.ALINEACHEQDEV = MDC.ALINEACHEQDEV AND MDC.NUDEV = TGFFIN.NUDEV AND MDC.NUFINORIG = 209270
Params:
-------------------------------------------------------------------------------------------------------
##ID_43## tempo: 3 (ms)
SELECT ('Cód.Conta: ' ||  (CAST(TSICTA.CODCTABCOINT AS VARCHAR(10)) ||  (' - Descriçăo ' ||  TSICTA.DESCRICAO))) FROM TSICTA, TGFMBC, TGFFIN WHERE TGFMBC.NUBCO = null AND TSICTA.CODCTABCOINT = TGFMBC.CODCTABCOINT AND TGFFIN.NUFIN = 209271
Params:
-------------------------------------------------------------------------------------------------------
##ID_44## tempo: 2 (ms)
SELECT MAX(ADC.DESCALINEACHEQDEV) FROM TGFMDC MDC, TGFADC ADC, TGFFIN WHERE ADC.ALINEACHEQDEV = MDC.ALINEACHEQDEV AND MDC.NUDEV = TGFFIN.NUDEV AND MDC.NUFINORIG = 209271
Params:
-------------------------------------------------------------------------------------------------------
##ID_45## tempo: 3 (ms)
SELECT ('Cód.Conta: ' ||  (CAST(TSICTA.CODCTABCOINT AS VARCHAR(10)) ||  (' - Descriçăo ' ||  TSICTA.DESCRICAO))) FROM TSICTA, TGFMBC, TGFFIN WHERE TGFMBC.NUBCO = null AND TSICTA.CODCTABCOINT = TGFMBC.CODCTABCOINT AND TGFFIN.NUFIN = 209272
Params:
-------------------------------------------------------------------------------------------------------
##ID_46## tempo: 2 (ms)
SELECT MAX(ADC.DESCALINEACHEQDEV) FROM TGFMDC MDC, TGFADC ADC, TGFFIN WHERE ADC.ALINEACHEQDEV = MDC.ALINEACHEQDEV AND MDC.NUDEV = TGFFIN.NUDEV AND MDC.NUFINORIG = 209272
Params:
-------------------------------------------------------------------------------------------------------
##ID_47## tempo: 2 (ms)
SELECT ('Cód.Conta: ' ||  (CAST(TSICTA.CODCTABCOINT AS VARCHAR(10)) ||  (' - Descriçăo ' ||  TSICTA.DESCRICAO))) FROM TSICTA, TGFMBC, TGFFIN WHERE TGFMBC.NUBCO = 115736 AND TSICTA.CODCTABCOINT = TGFMBC.CODCTABCOINT AND TGFFIN.NUFIN = 208902
Params:
-------------------------------------------------------------------------------------------------------
##ID_48## tempo: 2 (ms)
SELECT MAX(ADC.DESCALINEACHEQDEV) FROM TGFMDC MDC, TGFADC ADC, TGFFIN WHERE ADC.ALINEACHEQDEV = MDC.ALINEACHEQDEV AND MDC.NUDEV = TGFFIN.NUDEV AND MDC.NUFINORIG = 208902
Params:
-------------------------------------------------------------------------------------------------------
##ID_49## tempo: 2 (ms)
SELECT ('Cód.Conta: ' ||  (CAST(TSICTA.CODCTABCOINT AS VARCHAR(10)) ||  (' - Descriçăo ' ||  TSICTA.DESCRICAO))) FROM TSICTA, TGFMBC, TGFFIN WHERE TGFMBC.NUBCO = 115617 AND TSICTA.CODCTABCOINT = TGFMBC.CODCTABCOINT AND TGFFIN.NUFIN = 208492
Params:
-------------------------------------------------------------------------------------------------------
##ID_50## tempo: 2 (ms)
SELECT MAX(ADC.DESCALINEACHEQDEV) FROM TGFMDC MDC, TGFADC ADC, TGFFIN WHERE ADC.ALINEACHEQDEV = MDC.ALINEACHEQDEV AND MDC.NUDEV = TGFFIN.NUDEV AND MDC.NUFINORIG = 208492
Params:
-------------------------------------------------------------------------------------------------------
##ID_51## tempo: 5 (ms)
SELECT ('Cód.Conta: ' ||  (CAST(TSICTA.CODCTABCOINT AS VARCHAR(10)) ||  (' - Descriçăo ' ||  TSICTA.DESCRICAO))) FROM TSICTA, TGFMBC, TGFFIN WHERE TGFMBC.NUBCO = 115609 AND TSICTA.CODCTABCOINT = TGFMBC.CODCTABCOINT AND TGFFIN.NUFIN = 198189
Params:
-------------------------------------------------------------------------------------------------------
##ID_52## tempo: 2 (ms)
SELECT MAX(ADC.DESCALINEACHEQDEV) FROM TGFMDC MDC, TGFADC ADC, TGFFIN WHERE ADC.ALINEACHEQDEV = MDC.ALINEACHEQDEV AND MDC.NUDEV = TGFFIN.NUDEV AND MDC.NUFINORIG = 198189
Params:
-------------------------------------------------------------------------------------------------------
##ID_53## tempo: 3 (ms)
SELECT ('Cód.Conta: ' ||  (CAST(TSICTA.CODCTABCOINT AS VARCHAR(10)) ||  (' - Descriçăo ' ||  TSICTA.DESCRICAO))) FROM TSICTA, TGFMBC, TGFFIN WHERE TGFMBC.NUBCO = 115737 AND TSICTA.CODCTABCOINT = TGFMBC.CODCTABCOINT AND TGFFIN.NUFIN = 209264
Params:
-------------------------------------------------------------------------------------------------------
##ID_54## tempo: 2 (ms)
SELECT MAX(ADC.DESCALINEACHEQDEV) FROM TGFMDC MDC, TGFADC ADC, TGFFIN WHERE ADC.ALINEACHEQDEV = MDC.ALINEACHEQDEV AND MDC.NUDEV = TGFFIN.NUDEV AND MDC.NUFINORIG = 209264
Params:
-------------------------------------------------------------------------------------------------------
##ID_55## tempo: 3 (ms)
SELECT ('Cód.Conta: ' ||  (CAST(TSICTA.CODCTABCOINT AS VARCHAR(10)) ||  (' - Descriçăo ' ||  TSICTA.DESCRICAO))) FROM TSICTA, TGFMBC, TGFFIN WHERE TGFMBC.NUBCO = 115739 AND TSICTA.CODCTABCOINT = TGFMBC.CODCTABCOINT AND TGFFIN.NUFIN = 200600
Params:
-------------------------------------------------------------------------------------------------------
##ID_56## tempo: 6 (ms)
SELECT MAX(ADC.DESCALINEACHEQDEV) FROM TGFMDC MDC, TGFADC ADC, TGFFIN WHERE ADC.ALINEACHEQDEV = MDC.ALINEACHEQDEV AND MDC.NUDEV = TGFFIN.NUDEV AND MDC.NUFINORIG = 200600
Params:
-------------------------------------------------------------------------------------------------------
##ID_57## tempo: 3 (ms)
SELECT ('Cód.Conta: ' ||  (CAST(TSICTA.CODCTABCOINT AS VARCHAR(10)) ||  (' - Descriçăo ' ||  TSICTA.DESCRICAO))) FROM TSICTA, TGFMBC, TGFFIN WHERE TGFMBC.NUBCO = 115682 AND TSICTA.CODCTABCOINT = TGFMBC.CODCTABCOINT AND TGFFIN.NUFIN = 203644
Params:
-------------------------------------------------------------------------------------------------------
##ID_58## tempo: 3 (ms)
SELECT MAX(ADC.DESCALINEACHEQDEV) FROM TGFMDC MDC, TGFADC ADC, TGFFIN WHERE ADC.ALINEACHEQDEV = MDC.ALINEACHEQDEV AND MDC.NUDEV = TGFFIN.NUDEV AND MDC.NUFINORIG = 203644
Params:
-------------------------------------------------------------------------------------------------------
##ID_59## tempo: 3 (ms)
SELECT ('Cód.Conta: ' ||  (CAST(TSICTA.CODCTABCOINT AS VARCHAR(10)) ||  (' - Descriçăo ' ||  TSICTA.DESCRICAO))) FROM TSICTA, TGFMBC, TGFFIN WHERE TGFMBC.NUBCO = 115610 AND TSICTA.CODCTABCOINT = TGFMBC.CODCTABCOINT AND TGFFIN.NUFIN = 200823
Params:
-------------------------------------------------------------------------------------------------------
##ID_60## tempo: 2 (ms)
SELECT MAX(ADC.DESCALINEACHEQDEV) FROM TGFMDC MDC, TGFADC ADC, TGFFIN WHERE ADC.ALINEACHEQDEV = MDC.ALINEACHEQDEV AND MDC.NUDEV = TGFFIN.NUDEV AND MDC.NUFINORIG = 200823
Params:
-------------------------------------------------------------------------------------------------------
##ID_61## tempo: 2 (ms)
SELECT ('Cód.Conta: ' ||  (CAST(TSICTA.CODCTABCOINT AS VARCHAR(10)) ||  (' - Descriçăo ' ||  TSICTA.DESCRICAO))) FROM TSICTA, TGFMBC, TGFFIN WHERE TGFMBC.NUBCO = 115600 AND TSICTA.CODCTABCOINT = TGFMBC.CODCTABCOINT AND TGFFIN.NUFIN = 204041
Params:
-------------------------------------------------------------------------------------------------------
##ID_62## tempo: 2 (ms)
SELECT MAX(ADC.DESCALINEACHEQDEV) FROM TGFMDC MDC, TGFADC ADC, TGFFIN WHERE ADC.ALINEACHEQDEV = MDC.ALINEACHEQDEV AND MDC.NUDEV = TGFFIN.NUDEV AND MDC.NUFINORIG = 204041
Params:
-------------------------------------------------------------------------------------------------------
##ID_63## tempo: 3 (ms)
SELECT ('Cód.Conta: ' ||  (CAST(TSICTA.CODCTABCOINT AS VARCHAR(10)) ||  (' - Descriçăo ' ||  TSICTA.DESCRICAO))) FROM TSICTA, TGFMBC, TGFFIN WHERE TGFMBC.NUBCO = 115738 AND TSICTA.CODCTABCOINT = TGFMBC.CODCTABCOINT AND TGFFIN.NUFIN = 203245
Params:
-------------------------------------------------------------------------------------------------------
##ID_64## tempo: 3 (ms)
SELECT MAX(ADC.DESCALINEACHEQDEV) FROM TGFMDC MDC, TGFADC ADC, TGFFIN WHERE ADC.ALINEACHEQDEV = MDC.ALINEACHEQDEV AND MDC.NUDEV = TGFFIN.NUDEV AND MDC.NUFINORIG = 203245
Params:
-------------------------------------------------------------------------------------------------------
##ID_65## tempo: 3 (ms)
SELECT ('Cód.Conta: ' ||  (CAST(TSICTA.CODCTABCOINT AS VARCHAR(10)) ||  (' - Descriçăo ' ||  TSICTA.DESCRICAO))) FROM TSICTA, TGFMBC, TGFFIN WHERE TGFMBC.NUBCO = 115734 AND TSICTA.CODCTABCOINT = TGFMBC.CODCTABCOINT AND TGFFIN.NUFIN = 208417
Params:
-------------------------------------------------------------------------------------------------------
##ID_66## tempo: 2 (ms)
SELECT MAX(ADC.DESCALINEACHEQDEV) FROM TGFMDC MDC, TGFADC ADC, TGFFIN WHERE ADC.ALINEACHEQDEV = MDC.ALINEACHEQDEV AND MDC.NUDEV = TGFFIN.NUDEV AND MDC.NUFINORIG = 208417
Params:
-------------------------------------------------------------------------------------------------------
##ID_67## tempo: 3 (ms)
SELECT ('Cód.Conta: ' ||  (CAST(TSICTA.CODCTABCOINT AS VARCHAR(10)) ||  (' - Descriçăo ' ||  TSICTA.DESCRICAO))) FROM TSICTA, TGFMBC, TGFFIN WHERE TGFMBC.NUBCO = 115619 AND TSICTA.CODCTABCOINT = TGFMBC.CODCTABCOINT AND TGFFIN.NUFIN = 208729
Params:
-------------------------------------------------------------------------------------------------------
##ID_68## tempo: 3 (ms)
SELECT MAX(ADC.DESCALINEACHEQDEV) FROM TGFMDC MDC, TGFADC ADC, TGFFIN WHERE ADC.ALINEACHEQDEV = MDC.ALINEACHEQDEV AND MDC.NUDEV = TGFFIN.NUDEV AND MDC.NUFINORIG = 208729
Params:
-------------------------------------------------------------------------------------------------------
##ID_69## tempo: 3 (ms)
SELECT ('Cód.Conta: ' ||  (CAST(TSICTA.CODCTABCOINT AS VARCHAR(10)) ||  (' - Descriçăo ' ||  TSICTA.DESCRICAO))) FROM TSICTA, TGFMBC, TGFFIN WHERE TGFMBC.NUBCO = 115605 AND TSICTA.CODCTABCOINT = TGFMBC.CODCTABCOINT AND TGFFIN.NUFIN = 208811
Params:
-------------------------------------------------------------------------------------------------------
##ID_70## tempo: 2 (ms)
SELECT MAX(ADC.DESCALINEACHEQDEV) FROM TGFMDC MDC, TGFADC ADC, TGFFIN WHERE ADC.ALINEACHEQDEV = MDC.ALINEACHEQDEV AND MDC.NUDEV = TGFFIN.NUDEV AND MDC.NUFINORIG = 208811
Params:
-------------------------------------------------------------------------------------------------------
##ID_71## tempo: 2 (ms)
SELECT ('Cód.Conta: ' ||  (CAST(TSICTA.CODCTABCOINT AS VARCHAR(10)) ||  (' - Descriçăo ' ||  TSICTA.DESCRICAO))) FROM TSICTA, TGFMBC, TGFFIN WHERE TGFMBC.NUBCO = 115614 AND TSICTA.CODCTABCOINT = TGFMBC.CODCTABCOINT AND TGFFIN.NUFIN = 207806
Params:
-------------------------------------------------------------------------------------------------------
##ID_72## tempo: 2 (ms)
SELECT MAX(ADC.DESCALINEACHEQDEV) FROM TGFMDC MDC, TGFADC ADC, TGFFIN WHERE ADC.ALINEACHEQDEV = MDC.ALINEACHEQDEV AND MDC.NUDEV = TGFFIN.NUDEV AND MDC.NUFINORIG = 207806
Params:
-------------------------------------------------------------------------------------------------------
##ID_73## tempo: 1 (ms)
SELECT ('Cód.Conta: ' ||  (CAST(TSICTA.CODCTABCOINT AS VARCHAR(10)) ||  (' - Descriçăo ' ||  TSICTA.DESCRICAO))) FROM TSICTA, TGFMBC, TGFFIN WHERE TGFMBC.NUBCO = 115615 AND TSICTA.CODCTABCOINT = TGFMBC.CODCTABCOINT AND TGFFIN.NUFIN = 208096
Params:
-------------------------------------------------------------------------------------------------------
##ID_74## tempo: 1 (ms)
SELECT MAX(ADC.DESCALINEACHEQDEV) FROM TGFMDC MDC, TGFADC ADC, TGFFIN WHERE ADC.ALINEACHEQDEV = MDC.ALINEACHEQDEV AND MDC.NUDEV = TGFFIN.NUDEV AND MDC.NUFINORIG = 208096
Params:
-------------------------------------------------------------------------------------------------------
##ID_75## tempo: 2 (ms)
SELECT ('Cód.Conta: ' ||  (CAST(TSICTA.CODCTABCOINT AS VARCHAR(10)) ||  (' - Descriçăo ' ||  TSICTA.DESCRICAO))) FROM TSICTA, TGFMBC, TGFFIN WHERE TGFMBC.NUBCO = 113838 AND TSICTA.CODCTABCOINT = TGFMBC.CODCTABCOINT AND TGFFIN.NUFIN = 208425
Params:
-------------------------------------------------------------------------------------------------------
##ID_76## tempo: 2 (ms)
SELECT MAX(ADC.DESCALINEACHEQDEV) FROM TGFMDC MDC, TGFADC ADC, TGFFIN WHERE ADC.ALINEACHEQDEV = MDC.ALINEACHEQDEV AND MDC.NUDEV = TGFFIN.NUDEV AND MDC.NUFINORIG = 208425
Params:
-------------------------------------------------------------------------------------------------------
##ID_77## tempo: 2 (ms)
SELECT ('Cód.Conta: ' ||  (CAST(TSICTA.CODCTABCOINT AS VARCHAR(10)) ||  (' - Descriçăo ' ||  TSICTA.DESCRICAO))) FROM TSICTA, TGFMBC, TGFFIN WHERE TGFMBC.NUBCO = 115616 AND TSICTA.CODCTABCOINT = TGFMBC.CODCTABCOINT AND TGFFIN.NUFIN = 208488
Params:
-------------------------------------------------------------------------------------------------------
##ID_78## tempo: 1 (ms)
SELECT MAX(ADC.DESCALINEACHEQDEV) FROM TGFMDC MDC, TGFADC ADC, TGFFIN WHERE ADC.ALINEACHEQDEV = MDC.ALINEACHEQDEV AND MDC.NUDEV = TGFFIN.NUDEV AND MDC.NUFINORIG = 208488
Params:
-------------------------------------------------------------------------------------------------------
##ID_79## tempo: 2 (ms)
SELECT ('Cód.Conta: ' ||  (CAST(TSICTA.CODCTABCOINT AS VARCHAR(10)) ||  (' - Descriçăo ' ||  TSICTA.DESCRICAO))) FROM TSICTA, TGFMBC, TGFFIN WHERE TGFMBC.NUBCO = 115611 AND TSICTA.CODCTABCOINT = TGFMBC.CODCTABCOINT AND TGFFIN.NUFIN = 204911
Params:
-------------------------------------------------------------------------------------------------------
##ID_80## tempo: 2 (ms)
SELECT MAX(ADC.DESCALINEACHEQDEV) FROM TGFMDC MDC, TGFADC ADC, TGFFIN WHERE ADC.ALINEACHEQDEV = MDC.ALINEACHEQDEV AND MDC.NUDEV = TGFFIN.NUDEV AND MDC.NUFINORIG = 204911
Params:
-------------------------------------------------------------------------------------------------------
##ID_81## tempo: 2 (ms)
SELECT ('Cód.Conta: ' ||  (CAST(TSICTA.CODCTABCOINT AS VARCHAR(10)) ||  (' - Descriçăo ' ||  TSICTA.DESCRICAO))) FROM TSICTA, TGFMBC, TGFFIN WHERE TGFMBC.NUBCO = 115552 AND TSICTA.CODCTABCOINT = TGFMBC.CODCTABCOINT AND TGFFIN.NUFIN = 208395
Params:
-------------------------------------------------------------------------------------------------------
##ID_82## tempo: 2 (ms)
SELECT MAX(ADC.DESCALINEACHEQDEV) FROM TGFMDC MDC, TGFADC ADC, TGFFIN WHERE ADC.ALINEACHEQDEV = MDC.ALINEACHEQDEV AND MDC.NUDEV = TGFFIN.NUDEV AND MDC.NUFINORIG = 208395
Params:
-------------------------------------------------------------------------------------------------------
##ID_83## tempo: 1 (ms)
SELECT ('Cód.Conta: ' ||  (CAST(TSICTA.CODCTABCOINT AS VARCHAR(10)) ||  (' - Descriçăo ' ||  TSICTA.DESCRICAO))) FROM TSICTA, TGFMBC, TGFFIN WHERE TGFMBC.NUBCO = 115612 AND TSICTA.CODCTABCOINT = TGFMBC.CODCTABCOINT AND TGFFIN.NUFIN = 204932
Params:
-------------------------------------------------------------------------------------------------------
##ID_84## tempo: 2 (ms)
SELECT MAX(ADC.DESCALINEACHEQDEV) FROM TGFMDC MDC, TGFADC ADC, TGFFIN WHERE ADC.ALINEACHEQDEV = MDC.ALINEACHEQDEV AND MDC.NUDEV = TGFFIN.NUDEV AND MDC.NUFINORIG = 204932
Params:
-------------------------------------------------------------------------------------------------------
##ID_85## tempo: 2 (ms)
SELECT ('Cód.Conta: ' ||  (CAST(TSICTA.CODCTABCOINT AS VARCHAR(10)) ||  (' - Descriçăo ' ||  TSICTA.DESCRICAO))) FROM TSICTA, TGFMBC, TGFFIN WHERE TGFMBC.NUBCO = 115618 AND TSICTA.CODCTABCOINT = TGFMBC.CODCTABCOINT AND TGFFIN.NUFIN = 208726
Params:
-------------------------------------------------------------------------------------------------------
##ID_86## tempo: 2 (ms)
SELECT MAX(ADC.DESCALINEACHEQDEV) FROM TGFMDC MDC, TGFADC ADC, TGFFIN WHERE ADC.ALINEACHEQDEV = MDC.ALINEACHEQDEV AND MDC.NUDEV = TGFFIN.NUDEV AND MDC.NUFINORIG = 208726
Params:
-------------------------------------------------------------------------------------------------------
##ID_87## tempo: 2 (ms)
SELECT ('Cód.Conta: ' ||  (CAST(TSICTA.CODCTABCOINT AS VARCHAR(10)) ||  (' - Descriçăo ' ||  TSICTA.DESCRICAO))) FROM TSICTA, TGFMBC, TGFFIN WHERE TGFMBC.NUBCO = 115620 AND TSICTA.CODCTABCOINT = TGFMBC.CODCTABCOINT AND TGFFIN.NUFIN = 208731
Params:
-------------------------------------------------------------------------------------------------------
##ID_88## tempo: 2 (ms)
SELECT MAX(ADC.DESCALINEACHEQDEV) FROM TGFMDC MDC, TGFADC ADC, TGFFIN WHERE ADC.ALINEACHEQDEV = MDC.ALINEACHEQDEV AND MDC.NUDEV = TGFFIN.NUDEV AND MDC.NUFINORIG = 208731
Params:
-------------------------------------------------------------------------------------------------------
##ID_89## tempo: 3 (ms)
SELECT ('Cód.Conta: ' ||  (CAST(TSICTA.CODCTABCOINT AS VARCHAR(10)) ||  (' - Descriçăo ' ||  TSICTA.DESCRICAO))) FROM TSICTA, TGFMBC, TGFFIN WHERE TGFMBC.NUBCO = 115613 AND TSICTA.CODCTABCOINT = TGFMBC.CODCTABCOINT AND TGFFIN.NUFIN = 205109
Params:
-------------------------------------------------------------------------------------------------------
##ID_90## tempo: 3 (ms)
SELECT MAX(ADC.DESCALINEACHEQDEV) FROM TGFMDC MDC, TGFADC ADC, TGFFIN WHERE ADC.ALINEACHEQDEV = MDC.ALINEACHEQDEV AND MDC.NUDEV = TGFFIN.NUDEV AND MDC.NUFINORIG = 205109
Params:
-------------------------------------------------------------------------------------------------------
##ID_91## tempo: 3 (ms)
SELECT ('Cód.Conta: ' ||  (CAST(TSICTA.CODCTABCOINT AS VARCHAR(10)) ||  (' - Descriçăo ' ||  TSICTA.DESCRICAO))) FROM TSICTA, TGFMBC, TGFFIN WHERE TGFMBC.NUBCO = 115598 AND TSICTA.CODCTABCOINT = TGFMBC.CODCTABCOINT AND TGFFIN.NUFIN = 210797
Params:
-------------------------------------------------------------------------------------------------------
##ID_92## tempo: 3 (ms)
SELECT MAX(ADC.DESCALINEACHEQDEV) FROM TGFMDC MDC, TGFADC ADC, TGFFIN WHERE ADC.ALINEACHEQDEV = MDC.ALINEACHEQDEV AND MDC.NUDEV = TGFFIN.NUDEV AND MDC.NUFINORIG = 210797
Params:
-------------------------------------------------------------------------------------------------------
##ID_93## tempo: 2 (ms)
SELECT ('Cód.Conta: ' ||  (CAST(TSICTA.CODCTABCOINT AS VARCHAR(10)) ||  (' - Descriçăo ' ||  TSICTA.DESCRICAO))) FROM TSICTA, TGFMBC, TGFFIN WHERE TGFMBC.NUBCO = 115735 AND TSICTA.CODCTABCOINT = TGFMBC.CODCTABCOINT AND TGFFIN.NUFIN = 210415
Params:
-------------------------------------------------------------------------------------------------------
##ID_94## tempo: 3 (ms)
SELECT MAX(ADC.DESCALINEACHEQDEV) FROM TGFMDC MDC, TGFADC ADC, TGFFIN WHERE ADC.ALINEACHEQDEV = MDC.ALINEACHEQDEV AND MDC.NUDEV = TGFFIN.NUDEV AND MDC.NUFINORIG = 210415
Params:
-------------------------------------------------------------------------------------------------------
##ID_95## tempo: 2 (ms)
SELECT ('Cód.Conta: ' ||  (CAST(TSICTA.CODCTABCOINT AS VARCHAR(10)) ||  (' - Descriçăo ' ||  TSICTA.DESCRICAO))) FROM TSICTA, TGFMBC, TGFFIN WHERE TGFMBC.NUBCO = 115599 AND TSICTA.CODCTABCOINT = TGFMBC.CODCTABCOINT AND TGFFIN.NUFIN = 210755
Params:
-------------------------------------------------------------------------------------------------------
##ID_96## tempo: 2 (ms)
SELECT MAX(ADC.DESCALINEACHEQDEV) FROM TGFMDC MDC, TGFADC ADC, TGFFIN WHERE ADC.ALINEACHEQDEV = MDC.ALINEACHEQDEV AND MDC.NUDEV = TGFFIN.NUDEV AND MDC.NUFINORIG = 210755
Params:
-------------------------------------------------------------------------------------------------------
##ID_97## tempo: 4 (ms)
SELECT ('Cód.Conta: ' ||  (CAST(TSICTA.CODCTABCOINT AS VARCHAR(10)) ||  (' - Descriçăo ' ||  TSICTA.DESCRICAO))) FROM TSICTA, TGFMBC, TGFFIN WHERE TGFMBC.NUBCO = null AND TSICTA.CODCTABCOINT = TGFMBC.CODCTABCOINT AND TGFFIN.NUFIN = 210400
Params:
-------------------------------------------------------------------------------------------------------
##ID_98## tempo: 2 (ms)
SELECT MAX(ADC.DESCALINEACHEQDEV) FROM TGFMDC MDC, TGFADC ADC, TGFFIN WHERE ADC.ALINEACHEQDEV = MDC.ALINEACHEQDEV AND MDC.NUDEV = TGFFIN.NUDEV AND MDC.NUFINORIG = 210400
Params:
-------------------------------------------------------------------------------------------------------
##ID_99## tempo: 3 (ms)
SELECT ('Cód.Conta: ' ||  (CAST(TSICTA.CODCTABCOINT AS VARCHAR(10)) ||  (' - Descriçăo ' ||  TSICTA.DESCRICAO))) FROM TSICTA, TGFMBC, TGFFIN WHERE TGFMBC.NUBCO = null AND TSICTA.CODCTABCOINT = TGFMBC.CODCTABCOINT AND TGFFIN.NUFIN = 210401
Params:
-------------------------------------------------------------------------------------------------------
##ID_100## tempo: 4 (ms)
SELECT MAX(ADC.DESCALINEACHEQDEV) FROM TGFMDC MDC, TGFADC ADC, TGFFIN WHERE ADC.ALINEACHEQDEV = MDC.ALINEACHEQDEV AND MDC.NUDEV = TGFFIN.NUDEV AND MDC.NUFINORIG = 210401
Params:
-------------------------------------------------------------------------------------------------------
##ID_101## tempo: 2 (ms)
SELECT ('Cód.Conta: ' ||  (CAST(TSICTA.CODCTABCOINT AS VARCHAR(10)) ||  (' - Descriçăo ' ||  TSICTA.DESCRICAO))) FROM TSICTA, TGFMBC, TGFFIN WHERE TGFMBC.NUBCO = null AND TSICTA.CODCTABCOINT = TGFMBC.CODCTABCOINT AND TGFFIN.NUFIN = 210402
Params:
-------------------------------------------------------------------------------------------------------
##ID_102## tempo: 2 (ms)
SELECT MAX(ADC.DESCALINEACHEQDEV) FROM TGFMDC MDC, TGFADC ADC, TGFFIN WHERE ADC.ALINEACHEQDEV = MDC.ALINEACHEQDEV AND MDC.NUDEV = TGFFIN.NUDEV AND MDC.NUFINORIG = 210402
Params:
-------------------------------------------------------------------------------------------------------
##ID_103## tempo: 2 (ms)
SELECT ('Cód.Conta: ' ||  (CAST(TSICTA.CODCTABCOINT AS VARCHAR(10)) ||  (' - Descriçăo ' ||  TSICTA.DESCRICAO))) FROM TSICTA, TGFMBC, TGFFIN WHERE TGFMBC.NUBCO = null AND TSICTA.CODCTABCOINT = TGFMBC.CODCTABCOINT AND TGFFIN.NUFIN = 210403
Params:
-------------------------------------------------------------------------------------------------------
##ID_104## tempo: 2 (ms)
SELECT MAX(ADC.DESCALINEACHEQDEV) FROM TGFMDC MDC, TGFADC ADC, TGFFIN WHERE ADC.ALINEACHEQDEV = MDC.ALINEACHEQDEV AND MDC.NUDEV = TGFFIN.NUDEV AND MDC.NUFINORIG = 210403
Params:
-------------------------------------------------------------------------------------------------------
##ID_105## tempo: 2 (ms)
SELECT ('Cód.Conta: ' ||  (CAST(TSICTA.CODCTABCOINT AS VARCHAR(10)) ||  (' - Descriçăo ' ||  TSICTA.DESCRICAO))) FROM TSICTA, TGFMBC, TGFFIN WHERE TGFMBC.NUBCO = null AND TSICTA.CODCTABCOINT = TGFMBC.CODCTABCOINT AND TGFFIN.NUFIN = 210404
Params:
-------------------------------------------------------------------------------------------------------
##ID_106## tempo: 2 (ms)
SELECT MAX(ADC.DESCALINEACHEQDEV) FROM TGFMDC MDC, TGFADC ADC, TGFFIN WHERE ADC.ALINEACHEQDEV = MDC.ALINEACHEQDEV AND MDC.NUDEV = TGFFIN.NUDEV AND MDC.NUFINORIG = 210404
Params:
-------------------------------------------------------------------------------------------------------
##ID_107## tempo: 2 (ms)
SELECT ('Cód.Conta: ' ||  (CAST(TSICTA.CODCTABCOINT AS VARCHAR(10)) ||  (' - Descriçăo ' ||  TSICTA.DESCRICAO))) FROM TSICTA, TGFMBC, TGFFIN WHERE TGFMBC.NUBCO = null AND TSICTA.CODCTABCOINT = TGFMBC.CODCTABCOINT AND TGFFIN.NUFIN = 210405
Params:
-------------------------------------------------------------------------------------------------------
##ID_108## tempo: 2 (ms)
SELECT MAX(ADC.DESCALINEACHEQDEV) FROM TGFMDC MDC, TGFADC ADC, TGFFIN WHERE ADC.ALINEACHEQDEV = MDC.ALINEACHEQDEV AND MDC.NUDEV = TGFFIN.NUDEV AND MDC.NUFINORIG = 210405
Params:
-------------------------------------------------------------------------------------------------------
##ID_109## tempo: 1 (ms)
/* Runtime-info
Application: MovimentacaoFinanceira
Referer: https://topnutri.sankhyacloud.com.br/mgefin/MovimentacaoFinanceira.xhtml5
ResourceID: br.com.sankhya.fin.cad.movimentacaoFinanceira
entity: Financeiro
service-name: DatasetSP.loadRecords
uri: /mge/service.sbr
*/
SELECT TCSCON.ACESSAHISTSUBOS AS ACESSAHISTSUBOS,TCSCON.AMBIENTE AS AMBIENTE,TCSCON.ATIVO AS ATIVO,TCSCON.CIF_FOB AS CIF_FOB,TCSCON.CLAUSCONTRATO AS CLAUSCONTRATO,TCSCON.COBPROPORCAR AS COBPROPORCAR,TCSCON.COBPROQUE AS COBPROQUE,TCSCON.CODCENCUS AS CODCENCUS,TCSCON.CODCENCUSAR AS CODCENCUSAR,TCSCON.CODCENCUSEX AS CODCENCUSEX,TCSCON.CODCID AS CODCID,TCSCON.CODCLC AS CODCLC,TCSCON.CODCONTATO AS CODCONTATO,TCSCON.CODCRITERIO AS CODCRITERIO,TCSCON.CODEMP AS CODEMP,TCSCON.CODIMPLANT AS CODIMPLANT,TCSCON.CODMOEALTREAJ AS CODMOEALTREAJ,TCSCON.CODMOEDA AS CODMOEDA,TCSCON.CODMONSANKHYA AS CODMONSANKHYA,TCSCON.CODNAT AS CODNAT,TCSCON.CODNATAR AS CODNATAR,TCSCON.CODNATEX AS CODNATEX,TCSCON.CODOBS AS CODOBS,TCSCON.CODPARC AS CODPARC,TCSCON.CODPARCPREST AS CODPARCPREST,TCSCON.CODPARCSEC AS CODPARCSEC,TCSCON.CODPROJ AS CODPROJ,TCSCON.CODPROJSINT AS CODPROJSINT,TCSCON.CODSAF AS CODSAF,TCSCON.CODSERVEX AS CODSERVEX,TCSCON.CODTIPVENDA AS CODTIPVENDA,TCSCON.CODTIPVENDAAR AS CODTIPVENDAAR,TCSCON.CODTIPVENDAEX AS CODTIPVENDAEX,TCSCON.CODUSU AS CODUSU,TCSCON.CODUSUALTER AS CODUSUALTER,TCSCON.CONTROLOCBENS AS CONTROLOCBENS,TCSCON.CONTRORGPUBLICO AS CONTRORGPUBLICO,TCSCON.DEFTIPA AS DEFTIPA,TCSCON.DIACARECAR AS DIACARECAR,TCSCON.DIACARENC AS DIACARENC,TCSCON.DIACARENCEX AS DIACARENCEX,TCSCON.DIAFIMMED AS DIAFIMMED,TCSCON.DIAFIXO AS DIAFIXO,TCSCON.DIAPAG AS DIAPAG,TCSCON.DIAUTIL AS DIAUTIL,TCSCON.DTBASEREAJ AS DTBASEREAJ,TCSCON.DTCONTRATO AS DTCONTRATO,TCSCON.DTENVIOEMAIL AS DTENVIOEMAIL,TCSCON.DTFINENTREGA AS DTFINENTREGA,TCSCON.DTINIENTREGA AS DTINIENTREGA,TCSCON.DTREFARMAZE AS DTREFARMAZE,TCSCON.DTREFEXPREC AS DTREFEXPREC,TCSCON.DTREFPROXFAT AS DTREFPROXFAT,TCSCON.DTTERMINO AS DTTERMINO,TCSCON.DURACAO AS DURACAO,TCSCON.EQUIPAMENTO AS EQUIPAMENTO,TCSCON.EXIGEPEDIDOPES AS EXIGEPEDIDOPES,TCSCON.FATURPRORATA AS FATURPRORATA,TCSCON.FERIADOEST AS FERIADOEST,TCSCON.FERIADOMUN AS FERIADOMUN,TCSCON.FERIADONAC AS FERIADONAC,TCSCON.FORMFATARMAZE AS FORMFATARMAZE,TCSCON.FORMFATEXPREC AS FORMFATEXPREC,TCSCON.FREQREAJ AS FREQREAJ,TCSCON.FREQVISITAS AS FREQVISITAS,TCSCON.GATILHO AS GATILHO,TCSCON.GERARFINNOTA AS GERARFINNOTA,TCSCON.GERARNF AS GERARNF,TCSCON.GRUPO AS GRUPO,TCSCON.GRUPOFATURPRORATA AS GRUPOFATURPRORATA,TCSCON.IMPRIME AS IMPRIME,TCSCON.IMPRPRECINDIV AS IMPRPRECINDIV,TCSCON.LOCACAOBEM AS LOCACAOBEM,TCSCON.MODALIDADE AS MODALIDADE,TCSCON.NUMCONTIN AS NUMCONTIN,TCSCON.NUMCONTRATO AS NUMCONTRATO,TCSCON.NUMCONTRATOORIGEM AS NUMCONTRATOORIGEM,TCSCON.NUMCSTC AS NUMCSTC,TCSCON.NUNOTA AS NUNOTA,TCSCON.NUNOTAPEDLOC AS NUNOTAPEDLOC,TCSCON.NUNOTAREFARMAZE AS NUNOTAREFARMAZE,TCSCON.NUNOTAREFEXPREC AS NUNOTAREFEXPREC,TCSCON.NUSLA AS NUSLA,TCSCON.OBSERVACOES AS OBSERVACOES,TCSCON.PADCLASS AS PADCLASS,TCSCON.PARCELAATUAL AS PARCELAATUAL,TCSCON.PARCELAQTD AS PARCELAQTD,TCSCON.PERCIRF AS PERCIRF,TCSCON.PERCISS AS PERCISS,TCSCON.PERCLOC AS PERCLOC,TCSCON.PERCOBRA AS PERCOBRA,TCSCON.PERCOBRAAR AS PERCOBRAAR,TCSCON.PERCTOLEXCED AS PERCTOLEXCED,TCSCON.PERDESC AS PERDESC,TCSCON.PERDESCON AS PERDESCON,TCSCON.PPAUTASC AS PPAUTASC,TCSCON.PRAZOMENSAL AS PRAZOMENSAL,TCSCON.PRAZOVENCTO AS PRAZOVENCTO,TCSCON.QTDNEG AS QTDNEG,TCSCON.QTDPARCPGCOM AS QTDPARCPGCOM,TCSCON.QTDPROVISAO AS QTDPROVISAO,TCSCON.QUEBRATEC AS QUEBRATEC,TCSCON.REAJUSTENEGATIVO AS REAJUSTENEGATIVO,TCSCON.RECDESP AS RECDESP,TCSCON.REGLAUDSAIDA AS REGLAUDSAIDA,TCSCON.RESPPAGAR AS RESPPAGAR,TCSCON.RETEMISS AS RETEMISS,TCSCON.SERFATURCON AS SERFATURCON,TCSCON.SITCONT AS SITCONT,TCSCON.TABPRECUMI AS TABPRECUMI,TCSCON.TABPRECUMIAR AS TABPRECUMIAR,TCSCON.TEMIRF AS TEMIRF,TCSCON.TEMISS AS TEMISS,TCSCON.TEMMED AS TEMMED,TCSCON.TIPCOBR AS TIPCOBR,TCSCON.TIPCON AS TIPCON,TCSCON.TIPISENCAO AS TIPISENCAO,TCSCON.TIPO AS TIPO,TCSCON.TIPOARM AS TIPOARM,TCSCON.TIPOCONTRATO AS TIPOCONTRATO,TCSCON.TIPOTITULO AS TIPOTITULO,TCSCON.TIPOTITULOAR AS TIPOTITULOAR,TCSCON.TIPOTITULOEX AS TIPOTITULOEX,TCSCON.TIPPAG AS TIPPAG,TCSCON.TIPQUEBRA AS TIPQUEBRA,TCSCON.TOPFATURCON AS TOPFATURCON,TCSCON.ULTTABUMI AS ULTTABUMI,TCSCON.UMIDPADRA AS UMIDPADRA,TCSCON.UNICONVSC AS UNICONVSC,TCSCON.VALNEGSC AS VALNEGSC,TCSCON.VALPEDFIN AS VALPEDFIN,TCSCON.VALQUEBTRANS AS VALQUEBTRANS, ( SELECT MAX(PSC.CODPROD) FROM TCSCON CON, TCSPSC PSC WHERE CON.NUMCONTRATO = PSC.NUMCONTRATO AND CON.NUMCONTRATO = TCSCON.NUMCONTRATO) AS CODPROD, ( SELECT NVL(E.NOMEEND,'') AS ENDERECO FROM TGFPAR P, TSIEND E WHERE P.CODEND = E.CODEND AND P.CODPARC = (SELECT C.CODPARC FROM TCSCON C WHERE C.NUMCONTRATO = TCSCON.NUMCONTRATO)) AS ENDERECO, ( SELECT (NVL(P.IDENTINSCESTAD,'')) AS INSCEST FROM TGFPAR P WHERE P.CODPARC = (SELECT C.CODPARC FROM TCSCON C WHERE C.NUMCONTRATO = TCSCON.NUMCONTRATO)) AS INSCEST, ( SELECT (NVL(P.NOMEPARC,'')) AS INSCEST FROM TGFPAR P WHERE P.CODPARC = (SELECT C.CODPARC FROM TCSCON C WHERE C.NUMCONTRATO = TCSCON.NUMCONTRATO)) AS NOMEPARC, ( SELECT MAX(PSC.QTDEPREVISTA) FROM TCSCON CON, TCSPSC PSC WHERE CON.NUMCONTRATO = PSC.NUMCONTRATO AND CON.NUMCONTRATO = TCSCON.NUMCONTRATO) AS QTDEPREVISTA, ( SELECT (CASE WHEN NVL(CON.UNICONVSC, 0) = 0 THEN 0 ELSE CON.QTDNEG * (CON.VALNEGSC / CON.UNICONVSC) END) FROM TCSCON CON WHERE CON.NUMCONTRATO = TCSCON.NUMCONTRATO AND CON.TIPOARM = 'A' AND CON.MODALIDADE = 'C') AS TOTNEG FROM TCSCON /*SQL_92_JOINED_TABLES*/  WHERE (TCSCON.NUMCONTRATO = ?)
Params:
  1 = 0
-------------------------------------------------------------------------------------------------------
##ID_110## tempo: 1 (ms)
/* Runtime-info
Application: MovimentacaoFinanceira
Referer: https://topnutri.sankhyacloud.com.br/mgefin/MovimentacaoFinanceira.xhtml5
ResourceID: br.com.sankhya.fin.cad.movimentacaoFinanceira
entity: Financeiro
service-name: DatasetSP.loadRecords
uri: /mge/service.sbr
*/
SELECT TGFVEI.AFERICAO AS AFERICAO,TGFVEI.ANOFABRIC AS ANOFABRIC,TGFVEI.ANOMOD AS ANOMOD,TGFVEI.ANTT AS ANTT,TGFVEI.ATIVO AS ATIVO,TGFVEI.CAPPOTCIL AS CAPPOTCIL,TGFVEI.CATEGORIA AS CATEGORIA,TGFVEI.CHASSIS AS CHASSIS,TGFVEI.CMKG AS CMKG,TGFVEI.CODBEM AS CODBEM,TGFVEI.CODCENCUS AS CODCENCUS,TGFVEI.CODCID AS CODCID,TGFVEI.CODEMBARCACAO AS CODEMBARCACAO,TGFVEI.CODEMPFOLHA AS CODEMPFOLHA,TGFVEI.CODFORMFRETE AS CODFORMFRETE,TGFVEI.CODFUNC AS CODFUNC,TGFVEI.CODMARCAMOD AS CODMARCAMOD,TGFVEI.CODMOTORISTA AS CODMOTORISTA,TGFVEI.CODPARC AS CODPARC,TGFVEI.CODPARCPROPANTT AS CODPARCPROPANTT,TGFVEI.CODPROD AS CODPROD,TGFVEI.CODQUEST AS CODQUEST,TGFVEI.CODVEICULO AS CODVEICULO,TGFVEI.COMBUSTIVEL AS COMBUSTIVEL,TGFVEI.CONDVEI AS CONDVEI,TGFVEI.CONDVIN AS CONDVIN,TGFVEI.COR AS COR,TGFVEI.CORDENATRAN AS CORDENATRAN,TGFVEI.CORFAB AS CORFAB,TGFVEI.DISTEIXOS AS DISTEIXOS,TGFVEI.EMITEEXPED AS EMITEEXPED,TGFVEI.EMPPARC AS EMPPARC,TGFVEI.ESPECIETIPO AS ESPECIETIPO,TGFVEI.ESPVEI AS ESPVEI,TGFVEI.M3MAX AS M3MAX,TGFVEI.MARCAMODELO AS MARCAMODELO,TGFVEI.MAXLOTACAO AS MAXLOTACAO,TGFVEI.NOMEEMBARCACAO AS NOMEEMBARCACAO,TGFVEI.NUMMOTOR AS NUMMOTOR,TGFVEI.PESOMAX AS PESOMAX,TGFVEI.PLACA AS PLACA,TGFVEI.POTENCIA AS POTENCIA,TGFVEI.PROPRIO AS PROPRIO,TGFVEI.RENAVAM AS RENAVAM,TGFVEI.RESTRICAO AS RESTRICAO,TGFVEI.SERIAL AS SERIAL,TGFVEI.TARA AS TARA,TGFVEI.TIPFORMFRETE AS TIPFORMFRETE,TGFVEI.TIPINT AS TIPINT,TGFVEI.TIPO AS TIPO,TGFVEI.TIPOAFERICAO AS TIPOAFERICAO,TGFVEI.TIPOCAR AS TIPOCAR,TGFVEI.TIPOCOMBUST AS TIPOCOMBUST,TGFVEI.TIPOEMBARCACAO AS TIPOEMBARCACAO,TGFVEI.TIPOPROP AS TIPOPROP,TGFVEI.TIPOROD AS TIPOROD,TGFVEI.TIPOVEICULO AS TIPOVEICULO,TGFVEI.TIPVEI AS TIPVEI,TGFVEI.VIATRANSP AS VIATRANSP,TGFVEI.VLRDEPRECMENSAL AS VLRDEPRECMENSAL,TGFVEI.VLRSEGMENSAL AS VLRSEGMENSAL,TGFVEI.VOLTAGEM AS VOLTAGEM, ( trim((((trim(NVL(TGFVEI.MARCAMODELO,'')) ||  '[') ||  trim(TGFVEI.PLACA)) ||  ']'))) AS MARCAPLACA FROM TGFVEI /*SQL_92_JOINED_TABLES*/  WHERE (TGFVEI.CODVEICULO = ?)
Params:
  1 = 0
-------------------------------------------------------------------------------------------------------
##ID_111## tempo: 0 (ms)
/* Runtime-info
Application: MovimentacaoFinanceira
Referer: https://topnutri.sankhyacloud.com.br/mgefin/MovimentacaoFinanceira.xhtml5
ResourceID: br.com.sankhya.fin.cad.movimentacaoFinanceira
entity: Financeiro
service-name: DatasetSP.loadRecords
uri: /mge/service.sbr
*/
SELECT NOMEPARC FROM TGFPAR WHERE CODPARC = 0
Params:
-------------------------------------------------------------------------------------------------------
##ID_112## tempo: 1 (ms)
{call Stp_Set_Session2(?, ?, ?, ?, ?)}
Params:
  1 = 0
  2 = -1
  3 = -1
  4 = u= 0, t_name= default task-4978
  5 = dc777cbc4a928b7595492740a974e3257f43c597
-------------------------------------------------------------------------------------------------------
##ID_113## tempo: 0 (ms)
/* Runtime-info
Application: MonitorDeConsultas
Referer: https://topnutri.sankhyacloud.com.br/mge/MonitorDeConsultas.xhtml5
ResourceID: br.com.sankhya.cfg.MonitordeConsultas
uri: /mge/service.sbr
*/
SELECT TEXTO FROM TSIPAR WHERE CHAVE = ? 
Params:
  1 = VERSAOSKWBIN
